{"/home/john/workspace/valory2/dist/test/test.js":{"path":"/home/john/workspace/valory2/dist/test/test.js","statementMap":{"0":{"start":{"line":2,"column":17},"end":{"line":7,"column":1}},"1":{"start":{"line":3,"column":12},"end":{"line":3,"column":28}},"2":{"start":{"line":3,"column":34},"end":{"line":3,"column":125}},"3":{"start":{"line":4,"column":4},"end":{"line":5,"column":150}},"4":{"start":{"line":4,"column":79},"end":{"line":4,"column":131}},"5":{"start":{"line":5,"column":9},"end":{"line":5,"column":150}},"6":{"start":{"line":5,"column":58},"end":{"line":5,"column":150}},"7":{"start":{"line":5,"column":81},"end":{"line":5,"column":150}},"8":{"start":{"line":6,"column":4},"end":{"line":6,"column":66}},"9":{"start":{"line":8,"column":16},"end":{"line":15,"column":1}},"10":{"start":{"line":9,"column":4},"end":{"line":14,"column":7}},"11":{"start":{"line":10,"column":36},"end":{"line":10,"column":97}},"12":{"start":{"line":10,"column":42},"end":{"line":10,"column":70}},"13":{"start":{"line":10,"column":85},"end":{"line":10,"column":95}},"14":{"start":{"line":11,"column":35},"end":{"line":11,"column":100}},"15":{"start":{"line":11,"column":41},"end":{"line":11,"column":73}},"16":{"start":{"line":11,"column":88},"end":{"line":11,"column":98}},"17":{"start":{"line":12,"column":32},"end":{"line":12,"column":149}},"18":{"start":{"line":12,"column":97},"end":{"line":12,"column":119}},"19":{"start":{"line":13,"column":8},"end":{"line":13,"column":78}},"20":{"start":{"line":16,"column":0},"end":{"line":16,"column":62}},"21":{"start":{"line":17,"column":15},"end":{"line":17,"column":30}},"22":{"start":{"line":18,"column":13},"end":{"line":18,"column":28}},"23":{"start":{"line":19,"column":23},"end":{"line":19,"column":49}},"24":{"start":{"line":20,"column":24},"end":{"line":20,"column":48}},"25":{"start":{"line":21,"column":27},"end":{"line":21,"column":54}},"26":{"start":{"line":22,"column":19},"end":{"line":22,"column":62}},"27":{"start":{"line":23,"column":20},"end":{"line":23,"column":54}},"28":{"start":{"line":24,"column":10},"end":{"line":24,"column":14}},"29":{"start":{"line":25,"column":17},"end":{"line":145,"column":1}},"30":{"start":{"line":27,"column":8},"end":{"line":27,"column":27}},"31":{"start":{"line":30,"column":8},"end":{"line":30,"column":90}},"32":{"start":{"line":31,"column":8},"end":{"line":31,"column":35}},"33":{"start":{"line":34,"column":8},"end":{"line":51,"column":11}},"34":{"start":{"line":35,"column":31},"end":{"line":41,"column":13}},"35":{"start":{"line":42,"column":29},"end":{"line":42,"column":61}},"36":{"start":{"line":43,"column":27},"end":{"line":43,"column":47}},"37":{"start":{"line":45,"column":12},"end":{"line":50,"column":13}},"38":{"start":{"line":46,"column":16},"end":{"line":46,"column":67}},"39":{"start":{"line":49,"column":16},"end":{"line":49,"column":75}},"40":{"start":{"line":54,"column":8},"end":{"line":82,"column":11}},"41":{"start":{"line":55,"column":31},"end":{"line":72,"column":13}},"42":{"start":{"line":73,"column":29},"end":{"line":73,"column":61}},"43":{"start":{"line":74,"column":27},"end":{"line":74,"column":35}},"44":{"start":{"line":76,"column":12},"end":{"line":81,"column":13}},"45":{"start":{"line":77,"column":16},"end":{"line":77,"column":67}},"46":{"start":{"line":80,"column":16},"end":{"line":80,"column":89}},"47":{"start":{"line":85,"column":8},"end":{"line":101,"column":11}},"48":{"start":{"line":86,"column":31},"end":{"line":92,"column":13}},"49":{"start":{"line":93,"column":29},"end":{"line":93,"column":61}},"50":{"start":{"line":94,"column":27},"end":{"line":94,"column":47}},"51":{"start":{"line":95,"column":12},"end":{"line":100,"column":13}},"52":{"start":{"line":96,"column":16},"end":{"line":96,"column":67}},"53":{"start":{"line":99,"column":16},"end":{"line":99,"column":75}},"54":{"start":{"line":104,"column":8},"end":{"line":124,"column":11}},"55":{"start":{"line":105,"column":31},"end":{"line":115,"column":13}},"56":{"start":{"line":116,"column":29},"end":{"line":116,"column":61}},"57":{"start":{"line":117,"column":27},"end":{"line":117,"column":47}},"58":{"start":{"line":118,"column":12},"end":{"line":123,"column":13}},"59":{"start":{"line":119,"column":16},"end":{"line":119,"column":67}},"60":{"start":{"line":122,"column":16},"end":{"line":122,"column":89}},"61":{"start":{"line":127,"column":8},"end":{"line":143,"column":11}},"62":{"start":{"line":128,"column":31},"end":{"line":139,"column":13}},"63":{"start":{"line":140,"column":29},"end":{"line":140,"column":61}},"64":{"start":{"line":141,"column":27},"end":{"line":141,"column":47}},"65":{"start":{"line":142,"column":12},"end":{"line":142,"column":111}},"66":{"start":{"line":146,"column":0},"end":{"line":148,"column":48}},"67":{"start":{"line":149,"column":0},"end":{"line":151,"column":49}},"68":{"start":{"line":152,"column":0},"end":{"line":154,"column":49}},"69":{"start":{"line":155,"column":0},"end":{"line":157,"column":47}},"70":{"start":{"line":158,"column":0},"end":{"line":160,"column":49}},"71":{"start":{"line":161,"column":0},"end":{"line":163,"column":31}},"72":{"start":{"line":164,"column":0},"end":{"line":166,"column":15}}},"fnMap":{"0":{"name":"(anonymous_0)","decl":{"start":{"line":2,"column":46},"end":{"line":2,"column":47}},"loc":{"start":{"line":2,"column":87},"end":{"line":7,"column":1}},"line":2},"1":{"name":"(anonymous_1)","decl":{"start":{"line":8,"column":44},"end":{"line":8,"column":45}},"loc":{"start":{"line":8,"column":89},"end":{"line":15,"column":1}},"line":8},"2":{"name":"(anonymous_2)","decl":{"start":{"line":9,"column":36},"end":{"line":9,"column":37}},"loc":{"start":{"line":9,"column":63},"end":{"line":14,"column":5}},"line":9},"3":{"name":"fulfilled","decl":{"start":{"line":10,"column":17},"end":{"line":10,"column":26}},"loc":{"start":{"line":10,"column":34},"end":{"line":10,"column":99}},"line":10},"4":{"name":"rejected","decl":{"start":{"line":11,"column":17},"end":{"line":11,"column":25}},"loc":{"start":{"line":11,"column":33},"end":{"line":11,"column":102}},"line":11},"5":{"name":"step","decl":{"start":{"line":12,"column":17},"end":{"line":12,"column":21}},"loc":{"start":{"line":12,"column":30},"end":{"line":12,"column":151}},"line":12},"6":{"name":"(anonymous_6)","decl":{"start":{"line":12,"column":76},"end":{"line":12,"column":77}},"loc":{"start":{"line":12,"column":95},"end":{"line":12,"column":121}},"line":12},"7":{"name":"(anonymous_7)","decl":{"start":{"line":26,"column":4},"end":{"line":26,"column":5}},"loc":{"start":{"line":26,"column":19},"end":{"line":28,"column":5}},"line":26},"8":{"name":"(anonymous_8)","decl":{"start":{"line":29,"column":4},"end":{"line":29,"column":5}},"loc":{"start":{"line":29,"column":20},"end":{"line":32,"column":5}},"line":29},"9":{"name":"(anonymous_9)","decl":{"start":{"line":33,"column":4},"end":{"line":33,"column":5}},"loc":{"start":{"line":33,"column":20},"end":{"line":52,"column":5}},"line":33},"10":{"name":"(anonymous_10)","decl":{"start":{"line":34,"column":47},"end":{"line":34,"column":48}},"loc":{"start":{"line":34,"column":60},"end":{"line":51,"column":9}},"line":34},"11":{"name":"(anonymous_11)","decl":{"start":{"line":53,"column":4},"end":{"line":53,"column":5}},"loc":{"start":{"line":53,"column":21},"end":{"line":83,"column":5}},"line":53},"12":{"name":"(anonymous_12)","decl":{"start":{"line":54,"column":47},"end":{"line":54,"column":48}},"loc":{"start":{"line":54,"column":60},"end":{"line":82,"column":9}},"line":54},"13":{"name":"(anonymous_13)","decl":{"start":{"line":84,"column":4},"end":{"line":84,"column":5}},"loc":{"start":{"line":84,"column":21},"end":{"line":102,"column":5}},"line":84},"14":{"name":"(anonymous_14)","decl":{"start":{"line":85,"column":47},"end":{"line":85,"column":48}},"loc":{"start":{"line":85,"column":60},"end":{"line":101,"column":9}},"line":85},"15":{"name":"(anonymous_15)","decl":{"start":{"line":103,"column":4},"end":{"line":103,"column":5}},"loc":{"start":{"line":103,"column":19},"end":{"line":125,"column":5}},"line":103},"16":{"name":"(anonymous_16)","decl":{"start":{"line":104,"column":47},"end":{"line":104,"column":48}},"loc":{"start":{"line":104,"column":60},"end":{"line":124,"column":9}},"line":104},"17":{"name":"(anonymous_17)","decl":{"start":{"line":126,"column":4},"end":{"line":126,"column":5}},"loc":{"start":{"line":126,"column":21},"end":{"line":144,"column":5}},"line":126},"18":{"name":"(anonymous_18)","decl":{"start":{"line":127,"column":47},"end":{"line":127,"column":48}},"loc":{"start":{"line":127,"column":60},"end":{"line":143,"column":9}},"line":127}},"branchMap":{"0":{"loc":{"start":{"line":2,"column":17},"end":{"line":7,"column":1}},"type":"binary-expr","locations":[{"start":{"line":2,"column":18},"end":{"line":2,"column":22}},{"start":{"line":2,"column":26},"end":{"line":2,"column":41}},{"start":{"line":2,"column":46},"end":{"line":7,"column":1}}],"line":2},"1":{"loc":{"start":{"line":3,"column":34},"end":{"line":3,"column":125}},"type":"cond-expr","locations":[{"start":{"line":3,"column":42},"end":{"line":3,"column":48}},{"start":{"line":3,"column":51},"end":{"line":3,"column":125}}],"line":3},"2":{"loc":{"start":{"line":3,"column":51},"end":{"line":3,"column":125}},"type":"cond-expr","locations":[{"start":{"line":3,"column":67},"end":{"line":3,"column":118}},{"start":{"line":3,"column":121},"end":{"line":3,"column":125}}],"line":3},"3":{"loc":{"start":{"line":4,"column":4},"end":{"line":5,"column":150}},"type":"if","locations":[{"start":{"line":4,"column":4},"end":{"line":5,"column":150}},{"start":{"line":4,"column":4},"end":{"line":5,"column":150}}],"line":4},"4":{"loc":{"start":{"line":4,"column":8},"end":{"line":4,"column":77}},"type":"binary-expr","locations":[{"start":{"line":4,"column":8},"end":{"line":4,"column":35}},{"start":{"line":4,"column":39},"end":{"line":4,"column":77}}],"line":4},"5":{"loc":{"start":{"line":5,"column":58},"end":{"line":5,"column":150}},"type":"if","locations":[{"start":{"line":5,"column":58},"end":{"line":5,"column":150}},{"start":{"line":5,"column":58},"end":{"line":5,"column":150}}],"line":5},"6":{"loc":{"start":{"line":5,"column":85},"end":{"line":5,"column":149}},"type":"binary-expr","locations":[{"start":{"line":5,"column":86},"end":{"line":5,"column":143}},{"start":{"line":5,"column":148},"end":{"line":5,"column":149}}],"line":5},"7":{"loc":{"start":{"line":5,"column":86},"end":{"line":5,"column":143}},"type":"cond-expr","locations":[{"start":{"line":5,"column":94},"end":{"line":5,"column":98}},{"start":{"line":5,"column":101},"end":{"line":5,"column":143}}],"line":5},"8":{"loc":{"start":{"line":5,"column":101},"end":{"line":5,"column":143}},"type":"cond-expr","locations":[{"start":{"line":5,"column":109},"end":{"line":5,"column":126}},{"start":{"line":5,"column":129},"end":{"line":5,"column":143}}],"line":5},"9":{"loc":{"start":{"line":6,"column":11},"end":{"line":6,"column":62}},"type":"binary-expr","locations":[{"start":{"line":6,"column":11},"end":{"line":6,"column":16}},{"start":{"line":6,"column":20},"end":{"line":6,"column":21}},{"start":{"line":6,"column":25},"end":{"line":6,"column":62}}],"line":6},"10":{"loc":{"start":{"line":8,"column":16},"end":{"line":15,"column":1}},"type":"binary-expr","locations":[{"start":{"line":8,"column":17},"end":{"line":8,"column":21}},{"start":{"line":8,"column":25},"end":{"line":8,"column":39}},{"start":{"line":8,"column":44},"end":{"line":15,"column":1}}],"line":8},"11":{"loc":{"start":{"line":9,"column":16},"end":{"line":9,"column":34}},"type":"binary-expr","locations":[{"start":{"line":9,"column":16},"end":{"line":9,"column":17}},{"start":{"line":9,"column":22},"end":{"line":9,"column":33}}],"line":9},"12":{"loc":{"start":{"line":12,"column":32},"end":{"line":12,"column":148}},"type":"cond-expr","locations":[{"start":{"line":12,"column":46},"end":{"line":12,"column":67}},{"start":{"line":12,"column":70},"end":{"line":12,"column":148}}],"line":12},"13":{"loc":{"start":{"line":13,"column":51},"end":{"line":13,"column":67}},"type":"binary-expr","locations":[{"start":{"line":13,"column":51},"end":{"line":13,"column":61}},{"start":{"line":13,"column":65},"end":{"line":13,"column":67}}],"line":13}},"s":{"0":1,"1":7,"2":7,"3":7,"4":0,"5":7,"6":7,"7":7,"8":7,"9":1,"10":5,"11":5,"12":5,"13":0,"14":0,"15":0,"16":0,"17":10,"18":5,"19":5,"20":1,"21":1,"22":1,"23":1,"24":1,"25":1,"26":1,"27":1,"28":1,"29":1,"30":1,"31":1,"32":1,"33":1,"34":1,"35":1,"36":1,"37":1,"38":1,"39":0,"40":1,"41":1,"42":1,"43":1,"44":1,"45":1,"46":0,"47":1,"48":1,"49":1,"50":1,"51":1,"52":1,"53":0,"54":1,"55":1,"56":1,"57":1,"58":1,"59":1,"60":0,"61":1,"62":1,"63":1,"64":1,"65":1,"66":1,"67":1,"68":1,"69":1,"70":1,"71":1,"72":1},"f":{"0":7,"1":5,"2":5,"3":5,"4":0,"5":10,"6":5,"7":1,"8":1,"9":1,"10":1,"11":1,"12":1,"13":1,"14":1,"15":1,"16":1,"17":1,"18":1},"b":{"0":[1,1,1],"1":[1,6],"2":[6,0],"3":[0,7],"4":[7,7],"5":[7,0],"6":[7,7],"7":[1,6],"8":[6,0],"9":[7,6,6],"10":[1,1,1],"11":[5,5],"12":[5,5],"13":[5,5]},"_coverageSchema":"332fd63041d2c1bcb487cc26dd0d5f7d97098a6c","hash":"2ec21aef808b69421472c2ded43566db622fbe08","contentHash":"cd20745e8ae833af4a9f95a6814ba36e_11.4.1"},"/home/john/workspace/valory2/dist/test/testApi.js":{"path":"/home/john/workspace/valory2/dist/test/testApi.js","statementMap":{"0":{"start":{"line":2,"column":0},"end":{"line":2,"column":62}},"1":{"start":{"line":3,"column":17},"end":{"line":3,"column":44}},"2":{"start":{"line":4,"column":33},"end":{"line":4,"column":66}},"3":{"start":{"line":5,"column":13},"end":{"line":8,"column":1}},"4":{"start":{"line":9,"column":20},"end":{"line":122,"column":1}},"5":{"start":{"line":123,"column":12},"end":{"line":123,"column":149}},"6":{"start":{"line":124,"column":23},"end":{"line":129,"column":1}},"7":{"start":{"line":127,"column":8},"end":{"line":127,"column":56}},"8":{"start":{"line":130,"column":0},"end":{"line":153,"column":3}},"9":{"start":{"line":148,"column":4},"end":{"line":152,"column":6}},"10":{"start":{"line":154,"column":0},"end":{"line":173,"column":3}},"11":{"start":{"line":172,"column":4},"end":{"line":172,"column":33}},"12":{"start":{"line":174,"column":0},"end":{"line":193,"column":21}},"13":{"start":{"line":192,"column":4},"end":{"line":192,"column":45}},"14":{"start":{"line":194,"column":0},"end":{"line":241,"column":3}},"15":{"start":{"line":240,"column":4},"end":{"line":240,"column":33}},"16":{"start":{"line":242,"column":11},"end":{"line":242,"column":36}},"17":{"start":{"line":243,"column":0},"end":{"line":246,"column":2}}},"fnMap":{"0":{"name":"(anonymous_0)","decl":{"start":{"line":126,"column":13},"end":{"line":126,"column":14}},"loc":{"start":{"line":126,"column":36},"end":{"line":128,"column":5}},"line":126},"1":{"name":"(anonymous_1)","decl":{"start":{"line":147,"column":3},"end":{"line":147,"column":4}},"loc":{"start":{"line":147,"column":12},"end":{"line":153,"column":1}},"line":147},"2":{"name":"(anonymous_2)","decl":{"start":{"line":171,"column":3},"end":{"line":171,"column":4}},"loc":{"start":{"line":171,"column":20},"end":{"line":173,"column":1}},"line":171},"3":{"name":"(anonymous_3)","decl":{"start":{"line":190,"column":3},"end":{"line":190,"column":4}},"loc":{"start":{"line":190,"column":20},"end":{"line":193,"column":1}},"line":190},"4":{"name":"(anonymous_4)","decl":{"start":{"line":238,"column":3},"end":{"line":238,"column":4}},"loc":{"start":{"line":238,"column":20},"end":{"line":241,"column":1}},"line":238}},"branchMap":{},"s":{"0":1,"1":1,"2":1,"3":1,"4":1,"5":1,"6":1,"7":2,"8":1,"9":1,"10":1,"11":1,"12":1,"13":2,"14":1,"15":1,"16":1,"17":1},"f":{"0":2,"1":1,"2":1,"3":2,"4":1},"b":{},"_coverageSchema":"332fd63041d2c1bcb487cc26dd0d5f7d97098a6c","hash":"22ea93ecd861cbd7aad4ce497d66a7d7cd499bdb","contentHash":"034226da0c7f2d30ae6649028f90ce95_11.4.1"},"/home/john/workspace/valory2/dist/server/valory.js":{"path":"/home/john/workspace/valory2/dist/server/valory.js","statementMap":{"0":{"start":{"line":2,"column":16},"end":{"line":9,"column":1}},"1":{"start":{"line":3,"column":4},"end":{"line":8,"column":7}},"2":{"start":{"line":4,"column":36},"end":{"line":4,"column":97}},"3":{"start":{"line":4,"column":42},"end":{"line":4,"column":70}},"4":{"start":{"line":4,"column":85},"end":{"line":4,"column":95}},"5":{"start":{"line":5,"column":35},"end":{"line":5,"column":100}},"6":{"start":{"line":5,"column":41},"end":{"line":5,"column":73}},"7":{"start":{"line":5,"column":88},"end":{"line":5,"column":98}},"8":{"start":{"line":6,"column":32},"end":{"line":6,"column":149}},"9":{"start":{"line":6,"column":97},"end":{"line":6,"column":119}},"10":{"start":{"line":7,"column":8},"end":{"line":7,"column":78}},"11":{"start":{"line":10,"column":0},"end":{"line":10,"column":62}},"12":{"start":{"line":11,"column":33},"end":{"line":11,"column":66}},"13":{"start":{"line":12,"column":0},"end":{"line":12,"column":37}},"14":{"start":{"line":13,"column":17},"end":{"line":13,"column":34}},"15":{"start":{"line":14,"column":17},"end":{"line":14,"column":46}},"16":{"start":{"line":15,"column":13},"end":{"line":15,"column":26}},"17":{"start":{"line":16,"column":10},"end":{"line":16,"column":25}},"18":{"start":{"line":17,"column":16},"end":{"line":17,"column":31}},"19":{"start":{"line":18,"column":14},"end":{"line":18,"column":32}},"20":{"start":{"line":19,"column":16},"end":{"line":19,"column":47}},"21":{"start":{"line":20,"column":20},"end":{"line":20,"column":52}},"22":{"start":{"line":21,"column":19},"end":{"line":21,"column":50}},"23":{"start":{"line":23,"column":13},"end":{"line":23,"column":33}},"24":{"start":{"line":24,"column":23},"end":{"line":24,"column":28}},"25":{"start":{"line":25,"column":0},"end":{"line":25,"column":37}},"26":{"start":{"line":26,"column":0},"end":{"line":26,"column":41}},"27":{"start":{"line":27,"column":0},"end":{"line":27,"column":44}},"28":{"start":{"line":28,"column":25},"end":{"line":28,"column":69}},"29":{"start":{"line":29,"column":18},"end":{"line":29,"column":41}},"30":{"start":{"line":31,"column":0},"end":{"line":38,"column":65}},"31":{"start":{"line":32,"column":4},"end":{"line":32,"column":48}},"32":{"start":{"line":33,"column":4},"end":{"line":33,"column":46}},"33":{"start":{"line":34,"column":4},"end":{"line":34,"column":46}},"34":{"start":{"line":35,"column":4},"end":{"line":35,"column":52}},"35":{"start":{"line":36,"column":4},"end":{"line":36,"column":48}},"36":{"start":{"line":37,"column":4},"end":{"line":37,"column":50}},"37":{"start":{"line":39,"column":22},"end":{"line":55,"column":1}},"38":{"start":{"line":58,"column":8},"end":{"line":59,"column":82}},"39":{"start":{"line":60,"column":8},"end":{"line":60,"column":68}},"40":{"start":{"line":61,"column":8},"end":{"line":61,"column":59}},"41":{"start":{"line":62,"column":8},"end":{"line":62,"column":35}},"42":{"start":{"line":63,"column":8},"end":{"line":63,"column":36}},"43":{"start":{"line":64,"column":8},"end":{"line":64,"column":27}},"44":{"start":{"line":65,"column":8},"end":{"line":70,"column":10}},"45":{"start":{"line":71,"column":8},"end":{"line":71,"column":44}},"46":{"start":{"line":79,"column":8},"end":{"line":87,"column":10}},"47":{"start":{"line":88,"column":8},"end":{"line":88,"column":29}},"48":{"start":{"line":90,"column":8},"end":{"line":90,"column":45}},"49":{"start":{"line":91,"column":8},"end":{"line":109,"column":9}},"50":{"start":{"line":92,"column":12},"end":{"line":94,"column":13}},"51":{"start":{"line":93,"column":16},"end":{"line":93,"column":76}},"52":{"start":{"line":95,"column":24},"end":{"line":95,"column":71}},"53":{"start":{"line":95,"column":38},"end":{"line":95,"column":70}},"54":{"start":{"line":96,"column":12},"end":{"line":104,"column":13}},"55":{"start":{"line":97,"column":16},"end":{"line":97,"column":26}},"56":{"start":{"line":100,"column":16},"end":{"line":100,"column":43}},"57":{"start":{"line":101,"column":16},"end":{"line":103,"column":17}},"58":{"start":{"line":102,"column":20},"end":{"line":102,"column":43}},"59":{"start":{"line":107,"column":12},"end":{"line":107,"column":58}},"60":{"start":{"line":108,"column":12},"end":{"line":108,"column":67}},"61":{"start":{"line":115,"column":29},"end":{"line":115,"column":61}},"62":{"start":{"line":116,"column":8},"end":{"line":116,"column":74}},"63":{"start":{"line":117,"column":8},"end":{"line":122,"column":9}},"64":{"start":{"line":118,"column":12},"end":{"line":118,"column":106}},"65":{"start":{"line":121,"column":12},"end":{"line":121,"column":102}},"66":{"start":{"line":128,"column":25},"end":{"line":128,"column":81}},"67":{"start":{"line":129,"column":8},"end":{"line":136,"column":10}},"68":{"start":{"line":142,"column":8},"end":{"line":149,"column":9}},"69":{"start":{"line":143,"column":12},"end":{"line":148,"column":13}},"70":{"start":{"line":144,"column":16},"end":{"line":144,"column":61}},"71":{"start":{"line":146,"column":17},"end":{"line":148,"column":13}},"72":{"start":{"line":147,"column":16},"end":{"line":147,"column":55}},"73":{"start":{"line":150,"column":8},"end":{"line":154,"column":10}},"74":{"start":{"line":160,"column":8},"end":{"line":160,"column":89}},"75":{"start":{"line":166,"column":8},"end":{"line":166,"column":90}},"76":{"start":{"line":172,"column":8},"end":{"line":172,"column":92}},"77":{"start":{"line":178,"column":8},"end":{"line":178,"column":90}},"78":{"start":{"line":184,"column":8},"end":{"line":184,"column":91}},"79":{"start":{"line":190,"column":8},"end":{"line":190,"column":89}},"80":{"start":{"line":196,"column":8},"end":{"line":196,"column":72}},"81":{"start":{"line":197,"column":8},"end":{"line":197,"column":47}},"82":{"start":{"line":203,"column":8},"end":{"line":203,"column":52}},"83":{"start":{"line":204,"column":8},"end":{"line":204,"column":44}},"84":{"start":{"line":205,"column":8},"end":{"line":205,"column":61}},"85":{"start":{"line":211,"column":8},"end":{"line":211,"column":31}},"86":{"start":{"line":215,"column":8},"end":{"line":215,"column":79}},"87":{"start":{"line":218,"column":26},"end":{"line":218,"column":79}},"88":{"start":{"line":219,"column":8},"end":{"line":221,"column":9}},"89":{"start":{"line":220,"column":12},"end":{"line":220,"column":82}},"90":{"start":{"line":222,"column":22},"end":{"line":222,"column":47}},"91":{"start":{"line":223,"column":28},"end":{"line":223,"column":66}},"92":{"start":{"line":224,"column":28},"end":{"line":224,"column":73}},"93":{"start":{"line":225,"column":26},"end":{"line":225,"column":47}},"94":{"start":{"line":226,"column":24},"end":{"line":247,"column":10}},"95":{"start":{"line":226,"column":33},"end":{"line":247,"column":10}},"96":{"start":{"line":228,"column":30},"end":{"line":228,"column":36}},"97":{"start":{"line":229,"column":12},"end":{"line":229,"column":50}},"98":{"start":{"line":230,"column":12},"end":{"line":230,"column":78}},"99":{"start":{"line":231,"column":12},"end":{"line":231,"column":55}},"100":{"start":{"line":232,"column":35},"end":{"line":232,"column":89}},"101":{"start":{"line":233,"column":12},"end":{"line":235,"column":13}},"102":{"start":{"line":234,"column":16},"end":{"line":234,"column":38}},"103":{"start":{"line":236,"column":27},"end":{"line":236,"column":41}},"104":{"start":{"line":237,"column":12},"end":{"line":246,"column":13}},"105":{"start":{"line":238,"column":16},"end":{"line":242,"column":18}},"106":{"start":{"line":245,"column":16},"end":{"line":245,"column":70}},"107":{"start":{"line":248,"column":8},"end":{"line":248,"column":52}},"108":{"start":{"line":251,"column":22},"end":{"line":251,"column":97}},"109":{"start":{"line":252,"column":28},"end":{"line":252,"column":60}},"110":{"start":{"line":253,"column":8},"end":{"line":262,"column":11}},"111":{"start":{"line":254,"column":12},"end":{"line":261,"column":14}},"112":{"start":{"line":263,"column":8},"end":{"line":272,"column":11}},"113":{"start":{"line":264,"column":12},"end":{"line":271,"column":14}},"114":{"start":{"line":275,"column":0},"end":{"line":275,"column":24}},"115":{"start":{"line":277,"column":4},"end":{"line":296,"column":7}},"116":{"start":{"line":278,"column":18},"end":{"line":278,"column":22}},"117":{"start":{"line":279,"column":8},"end":{"line":295,"column":11}},"118":{"start":{"line":280,"column":29},"end":{"line":280,"column":71}},"119":{"start":{"line":281,"column":12},"end":{"line":281,"column":49}},"120":{"start":{"line":282,"column":12},"end":{"line":292,"column":15}},"121":{"start":{"line":283,"column":16},"end":{"line":287,"column":17}},"122":{"start":{"line":284,"column":20},"end":{"line":284,"column":32}},"123":{"start":{"line":285,"column":20},"end":{"line":285,"column":32}},"124":{"start":{"line":286,"column":20},"end":{"line":286,"column":27}},"125":{"start":{"line":288,"column":16},"end":{"line":290,"column":17}},"126":{"start":{"line":289,"column":20},"end":{"line":289,"column":57}},"127":{"start":{"line":291,"column":16},"end":{"line":291,"column":23}},"128":{"start":{"line":294,"column":12},"end":{"line":294,"column":25}},"129":{"start":{"line":299,"column":19},"end":{"line":299,"column":74}},"130":{"start":{"line":300,"column":16},"end":{"line":300,"column":32}},"131":{"start":{"line":301,"column":4},"end":{"line":304,"column":7}},"132":{"start":{"line":303,"column":8},"end":{"line":303,"column":89}},"133":{"start":{"line":305,"column":4},"end":{"line":305,"column":31}},"134":{"start":{"line":306,"column":4},"end":{"line":306,"column":51}},"135":{"start":{"line":309,"column":4},"end":{"line":314,"column":5}},"136":{"start":{"line":310,"column":8},"end":{"line":310,"column":40}},"137":{"start":{"line":313,"column":8},"end":{"line":313,"column":63}}},"fnMap":{"0":{"name":"(anonymous_0)","decl":{"start":{"line":2,"column":44},"end":{"line":2,"column":45}},"loc":{"start":{"line":2,"column":89},"end":{"line":9,"column":1}},"line":2},"1":{"name":"(anonymous_1)","decl":{"start":{"line":3,"column":36},"end":{"line":3,"column":37}},"loc":{"start":{"line":3,"column":63},"end":{"line":8,"column":5}},"line":3},"2":{"name":"fulfilled","decl":{"start":{"line":4,"column":17},"end":{"line":4,"column":26}},"loc":{"start":{"line":4,"column":34},"end":{"line":4,"column":99}},"line":4},"3":{"name":"rejected","decl":{"start":{"line":5,"column":17},"end":{"line":5,"column":25}},"loc":{"start":{"line":5,"column":33},"end":{"line":5,"column":102}},"line":5},"4":{"name":"step","decl":{"start":{"line":6,"column":17},"end":{"line":6,"column":21}},"loc":{"start":{"line":6,"column":30},"end":{"line":6,"column":151}},"line":6},"5":{"name":"(anonymous_5)","decl":{"start":{"line":6,"column":76},"end":{"line":6,"column":77}},"loc":{"start":{"line":6,"column":95},"end":{"line":6,"column":121}},"line":6},"6":{"name":"(anonymous_6)","decl":{"start":{"line":31,"column":1},"end":{"line":31,"column":2}},"loc":{"start":{"line":31,"column":23},"end":{"line":38,"column":1}},"line":31},"7":{"name":"(anonymous_7)","decl":{"start":{"line":57,"column":4},"end":{"line":57,"column":5}},"loc":{"start":{"line":57,"column":87},"end":{"line":110,"column":5}},"line":57},"8":{"name":"(anonymous_8)","decl":{"start":{"line":95,"column":32},"end":{"line":95,"column":33}},"loc":{"start":{"line":95,"column":38},"end":{"line":95,"column":70}},"line":95},"9":{"name":"(anonymous_9)","decl":{"start":{"line":114,"column":4},"end":{"line":114,"column":5}},"loc":{"start":{"line":114,"column":84},"end":{"line":123,"column":5}},"line":114},"10":{"name":"(anonymous_10)","decl":{"start":{"line":127,"column":4},"end":{"line":127,"column":5}},"loc":{"start":{"line":127,"column":31},"end":{"line":137,"column":5}},"line":127},"11":{"name":"(anonymous_11)","decl":{"start":{"line":141,"column":4},"end":{"line":141,"column":5}},"loc":{"start":{"line":141,"column":37},"end":{"line":155,"column":5}},"line":141},"12":{"name":"(anonymous_12)","decl":{"start":{"line":159,"column":4},"end":{"line":159,"column":5}},"loc":{"start":{"line":159,"column":71},"end":{"line":161,"column":5}},"line":159},"13":{"name":"(anonymous_13)","decl":{"start":{"line":165,"column":4},"end":{"line":165,"column":5}},"loc":{"start":{"line":165,"column":72},"end":{"line":167,"column":5}},"line":165},"14":{"name":"(anonymous_14)","decl":{"start":{"line":171,"column":4},"end":{"line":171,"column":5}},"loc":{"start":{"line":171,"column":74},"end":{"line":173,"column":5}},"line":171},"15":{"name":"(anonymous_15)","decl":{"start":{"line":177,"column":4},"end":{"line":177,"column":5}},"loc":{"start":{"line":177,"column":72},"end":{"line":179,"column":5}},"line":177},"16":{"name":"(anonymous_16)","decl":{"start":{"line":183,"column":4},"end":{"line":183,"column":5}},"loc":{"start":{"line":183,"column":73},"end":{"line":185,"column":5}},"line":183},"17":{"name":"(anonymous_17)","decl":{"start":{"line":189,"column":4},"end":{"line":189,"column":5}},"loc":{"start":{"line":189,"column":71},"end":{"line":191,"column":5}},"line":189},"18":{"name":"(anonymous_18)","decl":{"start":{"line":195,"column":4},"end":{"line":195,"column":5}},"loc":{"start":{"line":195,"column":36},"end":{"line":198,"column":5}},"line":195},"19":{"name":"(anonymous_19)","decl":{"start":{"line":202,"column":4},"end":{"line":202,"column":5}},"loc":{"start":{"line":202,"column":19},"end":{"line":206,"column":5}},"line":202},"20":{"name":"(anonymous_20)","decl":{"start":{"line":210,"column":4},"end":{"line":210,"column":5}},"loc":{"start":{"line":210,"column":15},"end":{"line":212,"column":5}},"line":210},"21":{"name":"(anonymous_21)","decl":{"start":{"line":213,"column":4},"end":{"line":213,"column":5}},"loc":{"start":{"line":213,"column":105},"end":{"line":216,"column":5}},"line":213},"22":{"name":"(anonymous_22)","decl":{"start":{"line":217,"column":4},"end":{"line":217,"column":5}},"loc":{"start":{"line":217,"column":101},"end":{"line":249,"column":5}},"line":217},"23":{"name":"(anonymous_23)","decl":{"start":{"line":226,"column":24},"end":{"line":226,"column":25}},"loc":{"start":{"line":226,"column":33},"end":{"line":247,"column":10}},"line":226},"24":{"name":"(anonymous_24)","decl":{"start":{"line":226,"column":65},"end":{"line":226,"column":66}},"loc":{"start":{"line":226,"column":78},"end":{"line":247,"column":9}},"line":226},"25":{"name":"(anonymous_25)","decl":{"start":{"line":250,"column":4},"end":{"line":250,"column":5}},"loc":{"start":{"line":250,"column":22},"end":{"line":273,"column":5}},"line":250},"26":{"name":"(anonymous_26)","decl":{"start":{"line":253,"column":62},"end":{"line":253,"column":63}},"loc":{"start":{"line":253,"column":71},"end":{"line":262,"column":9}},"line":253},"27":{"name":"(anonymous_27)","decl":{"start":{"line":263,"column":50},"end":{"line":263,"column":51}},"loc":{"start":{"line":263,"column":59},"end":{"line":272,"column":9}},"line":263},"28":{"name":"processMiddleware","decl":{"start":{"line":276,"column":9},"end":{"line":276,"column":26}},"loc":{"start":{"line":276,"column":53},"end":{"line":297,"column":1}},"line":276},"29":{"name":"(anonymous_29)","decl":{"start":{"line":277,"column":23},"end":{"line":277,"column":24}},"loc":{"start":{"line":277,"column":36},"end":{"line":296,"column":5}},"line":277},"30":{"name":"(anonymous_30)","decl":{"start":{"line":279,"column":38},"end":{"line":279,"column":39}},"loc":{"start":{"line":279,"column":57},"end":{"line":293,"column":9}},"line":279},"31":{"name":"(anonymous_31)","decl":{"start":{"line":282,"column":43},"end":{"line":282,"column":44}},"loc":{"start":{"line":282,"column":60},"end":{"line":292,"column":13}},"line":282},"32":{"name":"(anonymous_32)","decl":{"start":{"line":293,"column":11},"end":{"line":293,"column":12}},"loc":{"start":{"line":293,"column":22},"end":{"line":295,"column":9}},"line":293},"33":{"name":"generateErrorTable","decl":{"start":{"line":298,"column":9},"end":{"line":298,"column":27}},"loc":{"start":{"line":298,"column":36},"end":{"line":307,"column":1}},"line":298},"34":{"name":"(anonymous_34)","decl":{"start":{"line":301,"column":27},"end":{"line":301,"column":28}},"loc":{"start":{"line":301,"column":44},"end":{"line":304,"column":5}},"line":301},"35":{"name":"valoryConfigPath","decl":{"start":{"line":308,"column":9},"end":{"line":308,"column":25}},"loc":{"start":{"line":308,"column":28},"end":{"line":315,"column":1}},"line":308}},"branchMap":{"0":{"loc":{"start":{"line":2,"column":16},"end":{"line":9,"column":1}},"type":"binary-expr","locations":[{"start":{"line":2,"column":17},"end":{"line":2,"column":21}},{"start":{"line":2,"column":25},"end":{"line":2,"column":39}},{"start":{"line":2,"column":44},"end":{"line":9,"column":1}}],"line":2},"1":{"loc":{"start":{"line":3,"column":16},"end":{"line":3,"column":34}},"type":"binary-expr","locations":[{"start":{"line":3,"column":16},"end":{"line":3,"column":17}},{"start":{"line":3,"column":22},"end":{"line":3,"column":33}}],"line":3},"2":{"loc":{"start":{"line":6,"column":32},"end":{"line":6,"column":148}},"type":"cond-expr","locations":[{"start":{"line":6,"column":46},"end":{"line":6,"column":67}},{"start":{"line":6,"column":70},"end":{"line":6,"column":148}}],"line":6},"3":{"loc":{"start":{"line":7,"column":51},"end":{"line":7,"column":67}},"type":"binary-expr","locations":[{"start":{"line":7,"column":51},"end":{"line":7,"column":61}},{"start":{"line":7,"column":65},"end":{"line":7,"column":67}}],"line":7},"4":{"loc":{"start":{"line":38,"column":16},"end":{"line":38,"column":63}},"type":"binary-expr","locations":[{"start":{"line":38,"column":16},"end":{"line":38,"column":34}},{"start":{"line":38,"column":39},"end":{"line":38,"column":62}}],"line":38},"5":{"loc":{"start":{"line":57,"column":30},"end":{"line":57,"column":43}},"type":"default-arg","locations":[{"start":{"line":57,"column":41},"end":{"line":57,"column":43}}],"line":57},"6":{"loc":{"start":{"line":57,"column":45},"end":{"line":57,"column":58}},"type":"default-arg","locations":[{"start":{"line":57,"column":56},"end":{"line":57,"column":58}}],"line":57},"7":{"loc":{"start":{"line":58,"column":33},"end":{"line":58,"column":79}},"type":"binary-expr","locations":[{"start":{"line":58,"column":33},"end":{"line":58,"column":69}},{"start":{"line":58,"column":73},"end":{"line":58,"column":79}}],"line":58},"8":{"loc":{"start":{"line":91,"column":8},"end":{"line":109,"column":9}},"type":"if","locations":[{"start":{"line":91,"column":8},"end":{"line":109,"column":9}},{"start":{"line":91,"column":8},"end":{"line":109,"column":9}}],"line":91},"9":{"loc":{"start":{"line":92,"column":12},"end":{"line":94,"column":13}},"type":"if","locations":[{"start":{"line":92,"column":12},"end":{"line":94,"column":13}},{"start":{"line":92,"column":12},"end":{"line":94,"column":13}}],"line":92},"10":{"loc":{"start":{"line":96,"column":12},"end":{"line":104,"column":13}},"type":"if","locations":[{"start":{"line":96,"column":12},"end":{"line":104,"column":13}},{"start":{"line":96,"column":12},"end":{"line":104,"column":13}}],"line":96},"11":{"loc":{"start":{"line":101,"column":16},"end":{"line":103,"column":17}},"type":"if","locations":[{"start":{"line":101,"column":16},"end":{"line":103,"column":17}},{"start":{"line":101,"column":16},"end":{"line":103,"column":17}}],"line":101},"12":{"loc":{"start":{"line":114,"column":48},"end":{"line":114,"column":63}},"type":"default-arg","locations":[{"start":{"line":114,"column":61},"end":{"line":114,"column":63}}],"line":114},"13":{"loc":{"start":{"line":114,"column":65},"end":{"line":114,"column":82}},"type":"default-arg","locations":[{"start":{"line":114,"column":78},"end":{"line":114,"column":82}}],"line":114},"14":{"loc":{"start":{"line":117,"column":8},"end":{"line":122,"column":9}},"type":"if","locations":[{"start":{"line":117,"column":8},"end":{"line":122,"column":9}},{"start":{"line":117,"column":8},"end":{"line":122,"column":9}}],"line":117},"15":{"loc":{"start":{"line":128,"column":25},"end":{"line":128,"column":81}},"type":"cond-expr","locations":[{"start":{"line":128,"column":55},"end":{"line":128,"column":73}},{"start":{"line":128,"column":76},"end":{"line":128,"column":81}}],"line":128},"16":{"loc":{"start":{"line":133,"column":25},"end":{"line":133,"column":78}},"type":"cond-expr","locations":[{"start":{"line":133,"column":45},"end":{"line":133,"column":52}},{"start":{"line":133,"column":55},"end":{"line":133,"column":78}}],"line":133},"17":{"loc":{"start":{"line":141,"column":23},"end":{"line":141,"column":35}},"type":"default-arg","locations":[{"start":{"line":141,"column":33},"end":{"line":141,"column":35}}],"line":141},"18":{"loc":{"start":{"line":142,"column":8},"end":{"line":149,"column":9}},"type":"if","locations":[{"start":{"line":142,"column":8},"end":{"line":149,"column":9}},{"start":{"line":142,"column":8},"end":{"line":149,"column":9}}],"line":142},"19":{"loc":{"start":{"line":143,"column":12},"end":{"line":148,"column":13}},"type":"if","locations":[{"start":{"line":143,"column":12},"end":{"line":148,"column":13}},{"start":{"line":143,"column":12},"end":{"line":148,"column":13}}],"line":143},"20":{"loc":{"start":{"line":146,"column":17},"end":{"line":148,"column":13}},"type":"if","locations":[{"start":{"line":146,"column":17},"end":{"line":148,"column":13}},{"start":{"line":146,"column":17},"end":{"line":148,"column":13}}],"line":146},"21":{"loc":{"start":{"line":159,"column":35},"end":{"line":159,"column":50}},"type":"default-arg","locations":[{"start":{"line":159,"column":48},"end":{"line":159,"column":50}}],"line":159},"22":{"loc":{"start":{"line":159,"column":52},"end":{"line":159,"column":69}},"type":"default-arg","locations":[{"start":{"line":159,"column":65},"end":{"line":159,"column":69}}],"line":159},"23":{"loc":{"start":{"line":165,"column":36},"end":{"line":165,"column":51}},"type":"default-arg","locations":[{"start":{"line":165,"column":49},"end":{"line":165,"column":51}}],"line":165},"24":{"loc":{"start":{"line":165,"column":53},"end":{"line":165,"column":70}},"type":"default-arg","locations":[{"start":{"line":165,"column":66},"end":{"line":165,"column":70}}],"line":165},"25":{"loc":{"start":{"line":171,"column":38},"end":{"line":171,"column":53}},"type":"default-arg","locations":[{"start":{"line":171,"column":51},"end":{"line":171,"column":53}}],"line":171},"26":{"loc":{"start":{"line":171,"column":55},"end":{"line":171,"column":72}},"type":"default-arg","locations":[{"start":{"line":171,"column":68},"end":{"line":171,"column":72}}],"line":171},"27":{"loc":{"start":{"line":177,"column":36},"end":{"line":177,"column":51}},"type":"default-arg","locations":[{"start":{"line":177,"column":49},"end":{"line":177,"column":51}}],"line":177},"28":{"loc":{"start":{"line":177,"column":53},"end":{"line":177,"column":70}},"type":"default-arg","locations":[{"start":{"line":177,"column":66},"end":{"line":177,"column":70}}],"line":177},"29":{"loc":{"start":{"line":183,"column":37},"end":{"line":183,"column":52}},"type":"default-arg","locations":[{"start":{"line":183,"column":50},"end":{"line":183,"column":52}}],"line":183},"30":{"loc":{"start":{"line":183,"column":54},"end":{"line":183,"column":71}},"type":"default-arg","locations":[{"start":{"line":183,"column":67},"end":{"line":183,"column":71}}],"line":183},"31":{"loc":{"start":{"line":189,"column":35},"end":{"line":189,"column":50}},"type":"default-arg","locations":[{"start":{"line":189,"column":48},"end":{"line":189,"column":50}}],"line":189},"32":{"loc":{"start":{"line":189,"column":52},"end":{"line":189,"column":69}},"type":"default-arg","locations":[{"start":{"line":189,"column":65},"end":{"line":189,"column":69}}],"line":189},"33":{"loc":{"start":{"line":213,"column":69},"end":{"line":213,"column":84}},"type":"default-arg","locations":[{"start":{"line":213,"column":82},"end":{"line":213,"column":84}}],"line":213},"34":{"loc":{"start":{"line":213,"column":86},"end":{"line":213,"column":103}},"type":"default-arg","locations":[{"start":{"line":213,"column":99},"end":{"line":213,"column":103}}],"line":213},"35":{"loc":{"start":{"line":217,"column":65},"end":{"line":217,"column":80}},"type":"default-arg","locations":[{"start":{"line":217,"column":78},"end":{"line":217,"column":80}}],"line":217},"36":{"loc":{"start":{"line":217,"column":82},"end":{"line":217,"column":99}},"type":"default-arg","locations":[{"start":{"line":217,"column":95},"end":{"line":217,"column":99}}],"line":217},"37":{"loc":{"start":{"line":219,"column":8},"end":{"line":221,"column":9}},"type":"if","locations":[{"start":{"line":219,"column":8},"end":{"line":221,"column":9}},{"start":{"line":219,"column":8},"end":{"line":221,"column":9}}],"line":219},"38":{"loc":{"start":{"line":233,"column":12},"end":{"line":235,"column":13}},"type":"if","locations":[{"start":{"line":233,"column":12},"end":{"line":235,"column":13}},{"start":{"line":233,"column":12},"end":{"line":235,"column":13}}],"line":233},"39":{"loc":{"start":{"line":237,"column":12},"end":{"line":246,"column":13}},"type":"if","locations":[{"start":{"line":237,"column":12},"end":{"line":246,"column":13}},{"start":{"line":237,"column":12},"end":{"line":246,"column":13}}],"line":237},"40":{"loc":{"start":{"line":283,"column":16},"end":{"line":287,"column":17}},"type":"if","locations":[{"start":{"line":283,"column":16},"end":{"line":287,"column":17}},{"start":{"line":283,"column":16},"end":{"line":287,"column":17}}],"line":283},"41":{"loc":{"start":{"line":288,"column":16},"end":{"line":290,"column":17}},"type":"if","locations":[{"start":{"line":288,"column":16},"end":{"line":290,"column":17}},{"start":{"line":288,"column":16},"end":{"line":290,"column":17}}],"line":288},"42":{"loc":{"start":{"line":309,"column":4},"end":{"line":314,"column":5}},"type":"if","locations":[{"start":{"line":309,"column":4},"end":{"line":314,"column":5}},{"start":{"line":309,"column":4},"end":{"line":314,"column":5}}],"line":309}},"s":{"0":1,"1":5,"2":10,"3":10,"4":0,"5":0,"6":0,"7":0,"8":15,"9":10,"10":5,"11":1,"12":1,"13":1,"14":1,"15":1,"16":1,"17":1,"18":1,"19":1,"20":1,"21":1,"22":1,"23":1,"24":1,"25":1,"26":1,"27":1,"28":1,"29":1,"30":1,"31":1,"32":1,"33":1,"34":1,"35":1,"36":1,"37":1,"38":1,"39":1,"40":1,"41":1,"42":1,"43":1,"44":1,"45":1,"46":1,"47":1,"48":1,"49":1,"50":1,"51":0,"52":1,"53":1,"54":1,"55":0,"56":1,"57":1,"58":1,"59":0,"60":0,"61":4,"62":4,"63":4,"64":0,"65":4,"66":0,"67":0,"68":4,"69":4,"70":4,"71":0,"72":0,"73":4,"74":2,"75":2,"76":0,"77":0,"78":0,"79":0,"80":0,"81":0,"82":1,"83":1,"84":1,"85":0,"86":0,"87":4,"88":4,"89":0,"90":4,"91":4,"92":4,"93":4,"94":4,"95":5,"96":5,"97":5,"98":5,"99":5,"100":5,"101":5,"102":0,"103":5,"104":5,"105":0,"106":5,"107":4,"108":1,"109":1,"110":1,"111":0,"112":1,"113":0,"114":1,"115":5,"116":5,"117":5,"118":2,"119":2,"120":2,"121":2,"122":0,"123":0,"124":0,"125":2,"126":2,"127":2,"128":5,"129":0,"130":0,"131":0,"132":0,"133":0,"134":0,"135":0,"136":0,"137":0},"f":{"0":5,"1":5,"2":10,"3":0,"4":15,"5":10,"6":1,"7":1,"8":1,"9":4,"10":0,"11":4,"12":2,"13":2,"14":0,"15":0,"16":0,"17":0,"18":0,"19":1,"20":0,"21":0,"22":4,"23":5,"24":5,"25":1,"26":0,"27":0,"28":5,"29":5,"30":2,"31":2,"32":5,"33":0,"34":0,"35":0},"b":{"0":[1,1,1],"1":[5,5],"2":[5,10],"3":[5,5],"4":[1,1],"5":[0],"6":[0],"7":[1,1],"8":[1,0],"9":[0,1],"10":[0,1],"11":[1,0],"12":[0],"13":[0],"14":[0,4],"15":[0,0],"16":[0,0],"17":[4],"18":[4,0],"19":[4,0],"20":[0,0],"21":[2],"22":[2],"23":[1],"24":[2],"25":[0],"26":[0],"27":[0],"28":[0],"29":[0],"30":[0],"31":[0],"32":[0],"33":[0],"34":[0],"35":[0],"36":[0],"37":[0,4],"38":[0,5],"39":[0,5],"40":[0,2],"41":[2,0],"42":[0,0]},"_coverageSchema":"332fd63041d2c1bcb487cc26dd0d5f7d97098a6c","hash":"4d0413eac449dcaa1871d4518d848746206c9dd0","contentHash":"49364e109e3ef532891296e154e9d543_11.4.1"},"/home/john/workspace/valory2/dist/compiler/loader.js":{"path":"/home/john/workspace/valory2/dist/compiler/loader.js","statementMap":{"0":{"start":{"line":2,"column":16},"end":{"line":9,"column":1}},"1":{"start":{"line":3,"column":4},"end":{"line":8,"column":7}},"2":{"start":{"line":4,"column":36},"end":{"line":4,"column":97}},"3":{"start":{"line":4,"column":42},"end":{"line":4,"column":70}},"4":{"start":{"line":4,"column":85},"end":{"line":4,"column":95}},"5":{"start":{"line":5,"column":35},"end":{"line":5,"column":100}},"6":{"start":{"line":5,"column":41},"end":{"line":5,"column":73}},"7":{"start":{"line":5,"column":88},"end":{"line":5,"column":98}},"8":{"start":{"line":6,"column":32},"end":{"line":6,"column":149}},"9":{"start":{"line":6,"column":97},"end":{"line":6,"column":119}},"10":{"start":{"line":7,"column":8},"end":{"line":7,"column":78}},"11":{"start":{"line":10,"column":0},"end":{"line":10,"column":62}},"12":{"start":{"line":11,"column":13},"end":{"line":11,"column":28}},"13":{"start":{"line":12,"column":13},"end":{"line":12,"column":26}},"14":{"start":{"line":13,"column":17},"end":{"line":13,"column":34}},"15":{"start":{"line":14,"column":26},"end":{"line":14,"column":54}},"16":{"start":{"line":15,"column":17},"end":{"line":15,"column":44}},"17":{"start":{"line":16,"column":10},"end":{"line":16,"column":25}},"18":{"start":{"line":17,"column":21},"end":{"line":17,"column":35}},"19":{"start":{"line":18,"column":30},"end":{"line":18,"column":44}},"20":{"start":{"line":19,"column":0},"end":{"line":19,"column":53}},"21":{"start":{"line":20,"column":0},"end":{"line":20,"column":54}},"22":{"start":{"line":21,"column":18},"end":{"line":21,"column":55}},"23":{"start":{"line":22,"column":12},"end":{"line":22,"column":31}},"24":{"start":{"line":24,"column":4},"end":{"line":34,"column":7}},"25":{"start":{"line":25,"column":25},"end":{"line":25,"column":86}},"26":{"start":{"line":26,"column":23},"end":{"line":27,"column":82}},"27":{"start":{"line":28,"column":8},"end":{"line":28,"column":66}},"28":{"start":{"line":29,"column":8},"end":{"line":29,"column":57}},"29":{"start":{"line":30,"column":28},"end":{"line":30,"column":55}},"30":{"start":{"line":31,"column":8},"end":{"line":31,"column":54}},"31":{"start":{"line":32,"column":8},"end":{"line":32,"column":109}},"32":{"start":{"line":33,"column":8},"end":{"line":33,"column":92}},"33":{"start":{"line":36,"column":0},"end":{"line":36,"column":40}},"34":{"start":{"line":38,"column":19},"end":{"line":38,"column":57}},"35":{"start":{"line":39,"column":4},"end":{"line":41,"column":5}},"36":{"start":{"line":40,"column":8},"end":{"line":40,"column":79}},"37":{"start":{"line":42,"column":4},"end":{"line":42,"column":18}},"38":{"start":{"line":44,"column":0},"end":{"line":44,"column":32}},"39":{"start":{"line":47,"column":20},"end":{"line":47,"column":51}},"40":{"start":{"line":48,"column":4},"end":{"line":53,"column":5}},"41":{"start":{"line":49,"column":8},"end":{"line":49,"column":89}},"42":{"start":{"line":52,"column":8},"end":{"line":52,"column":59}}},"fnMap":{"0":{"name":"(anonymous_0)","decl":{"start":{"line":2,"column":44},"end":{"line":2,"column":45}},"loc":{"start":{"line":2,"column":89},"end":{"line":9,"column":1}},"line":2},"1":{"name":"(anonymous_1)","decl":{"start":{"line":3,"column":36},"end":{"line":3,"column":37}},"loc":{"start":{"line":3,"column":63},"end":{"line":8,"column":5}},"line":3},"2":{"name":"fulfilled","decl":{"start":{"line":4,"column":17},"end":{"line":4,"column":26}},"loc":{"start":{"line":4,"column":34},"end":{"line":4,"column":99}},"line":4},"3":{"name":"rejected","decl":{"start":{"line":5,"column":17},"end":{"line":5,"column":25}},"loc":{"start":{"line":5,"column":33},"end":{"line":5,"column":102}},"line":5},"4":{"name":"step","decl":{"start":{"line":6,"column":17},"end":{"line":6,"column":21}},"loc":{"start":{"line":6,"column":30},"end":{"line":6,"column":151}},"line":6},"5":{"name":"(anonymous_5)","decl":{"start":{"line":6,"column":76},"end":{"line":6,"column":77}},"loc":{"start":{"line":6,"column":95},"end":{"line":6,"column":121}},"line":6},"6":{"name":"compileAndSave","decl":{"start":{"line":23,"column":9},"end":{"line":23,"column":23}},"loc":{"start":{"line":23,"column":98},"end":{"line":35,"column":1}},"line":23},"7":{"name":"(anonymous_7)","decl":{"start":{"line":24,"column":43},"end":{"line":24,"column":44}},"loc":{"start":{"line":24,"column":56},"end":{"line":34,"column":5}},"line":24},"8":{"name":"loadModule","decl":{"start":{"line":37,"column":9},"end":{"line":37,"column":19}},"loc":{"start":{"line":37,"column":33},"end":{"line":43,"column":1}},"line":37},"9":{"name":"resolveCompSwagPath","decl":{"start":{"line":45,"column":9},"end":{"line":45,"column":28}},"loc":{"start":{"line":45,"column":31},"end":{"line":54,"column":1}},"line":45}},"branchMap":{"0":{"loc":{"start":{"line":2,"column":16},"end":{"line":9,"column":1}},"type":"binary-expr","locations":[{"start":{"line":2,"column":17},"end":{"line":2,"column":21}},{"start":{"line":2,"column":25},"end":{"line":2,"column":39}},{"start":{"line":2,"column":44},"end":{"line":9,"column":1}}],"line":2},"1":{"loc":{"start":{"line":3,"column":16},"end":{"line":3,"column":34}},"type":"binary-expr","locations":[{"start":{"line":3,"column":16},"end":{"line":3,"column":17}},{"start":{"line":3,"column":22},"end":{"line":3,"column":33}}],"line":3},"2":{"loc":{"start":{"line":6,"column":32},"end":{"line":6,"column":148}},"type":"cond-expr","locations":[{"start":{"line":6,"column":46},"end":{"line":6,"column":67}},{"start":{"line":6,"column":70},"end":{"line":6,"column":148}}],"line":6},"3":{"loc":{"start":{"line":7,"column":51},"end":{"line":7,"column":67}},"type":"binary-expr","locations":[{"start":{"line":7,"column":51},"end":{"line":7,"column":61}},{"start":{"line":7,"column":65},"end":{"line":7,"column":67}}],"line":7},"4":{"loc":{"start":{"line":26,"column":34},"end":{"line":26,"column":81}},"type":"binary-expr","locations":[{"start":{"line":26,"column":34},"end":{"line":26,"column":71}},{"start":{"line":26,"column":75},"end":{"line":26,"column":81}}],"line":26},"5":{"loc":{"start":{"line":39,"column":4},"end":{"line":41,"column":5}},"type":"if","locations":[{"start":{"line":39,"column":4},"end":{"line":41,"column":5}},{"start":{"line":39,"column":4},"end":{"line":41,"column":5}}],"line":39},"6":{"loc":{"start":{"line":48,"column":4},"end":{"line":53,"column":5}},"type":"if","locations":[{"start":{"line":48,"column":4},"end":{"line":53,"column":5}},{"start":{"line":48,"column":4},"end":{"line":53,"column":5}}],"line":48}},"s":{"0":1,"1":0,"2":0,"3":0,"4":0,"5":0,"6":0,"7":0,"8":0,"9":0,"10":0,"11":1,"12":1,"13":1,"14":1,"15":1,"16":1,"17":1,"18":1,"19":1,"20":1,"21":1,"22":1,"23":1,"24":0,"25":0,"26":0,"27":0,"28":0,"29":0,"30":0,"31":0,"32":0,"33":1,"34":1,"35":1,"36":0,"37":1,"38":1,"39":1,"40":1,"41":0,"42":1},"f":{"0":0,"1":0,"2":0,"3":0,"4":0,"5":0,"6":0,"7":0,"8":1,"9":1},"b":{"0":[1,1,1],"1":[0,0],"2":[0,0],"3":[0,0],"4":[0,0],"5":[0,1],"6":[0,1]},"_coverageSchema":"332fd63041d2c1bcb487cc26dd0d5f7d97098a6c","hash":"38fbaf70f2ae0ac6df01ee1331e4bb709437b9e4","contentHash":"bd12e5b36d271af794361609782a9c94_11.4.1"},"/home/john/workspace/valory2/dist/compiler/compilerheaders.js":{"path":"/home/john/workspace/valory2/dist/compiler/compilerheaders.js","statementMap":{"0":{"start":{"line":2,"column":0},"end":{"line":2,"column":62}},"1":{"start":{"line":3,"column":0},"end":{"line":3,"column":28}},"2":{"start":{"line":5,"column":0},"end":{"line":9,"column":83}},"3":{"start":{"line":6,"column":4},"end":{"line":6,"column":68}},"4":{"start":{"line":7,"column":4},"end":{"line":7,"column":82}},"5":{"start":{"line":8,"column":4},"end":{"line":8,"column":64}},"6":{"start":{"line":10,"column":0},"end":{"line":10,"column":30}}},"fnMap":{"0":{"name":"(anonymous_0)","decl":{"start":{"line":5,"column":1},"end":{"line":5,"column":2}},"loc":{"start":{"line":5,"column":29},"end":{"line":9,"column":1}},"line":5}},"branchMap":{"0":{"loc":{"start":{"line":9,"column":22},"end":{"line":9,"column":81}},"type":"binary-expr","locations":[{"start":{"line":9,"column":22},"end":{"line":9,"column":46}},{"start":{"line":9,"column":51},"end":{"line":9,"column":80}}],"line":9}},"s":{"0":1,"1":1,"2":1,"3":1,"4":1,"5":1,"6":1},"f":{"0":1},"b":{"0":[1,1]},"_coverageSchema":"332fd63041d2c1bcb487cc26dd0d5f7d97098a6c","hash":"57941c0d95909e004ce01b4b85493d02ab7ee659","contentHash":"c7be2588dbf0c00bb18751f3748496fd_11.4.1"},"/home/john/workspace/valory2/dist/compiler/.compswag.js":{"path":"/home/john/workspace/valory2/dist/compiler/.compswag.js","statementMap":{"0":{"start":{"line":1,"column":33},"end":{"line":1,"column":56}},"1":{"start":{"line":2,"column":16},"end":{"line":2,"column":37}},"2":{"start":{"line":2,"column":25},"end":{"line":2,"column":37}},"3":{"start":{"line":2,"column":43},"end":{"line":2,"column":59}},"4":{"start":{"line":2,"column":62},"end":{"line":2,"column":78}},"5":{"start":{"line":2,"column":79},"end":{"line":2,"column":188}},"6":{"start":{"line":2,"column":88},"end":{"line":2,"column":123}},"7":{"start":{"line":2,"column":110},"end":{"line":2,"column":123}},"8":{"start":{"line":2,"column":123},"end":{"line":2,"column":176}},"9":{"start":{"line":2,"column":146},"end":{"line":2,"column":176}},"10":{"start":{"line":2,"column":163},"end":{"line":2,"column":176}},"11":{"start":{"line":2,"column":176},"end":{"line":2,"column":187}},"12":{"start":{"line":2,"column":188},"end":{"line":2,"column":209}},"13":{"start":{"line":2,"column":196},"end":{"line":2,"column":209}},"14":{"start":{"line":2,"column":209},"end":{"line":3,"column":156}},"15":{"start":{"line":2,"column":260},"end":{"line":2,"column":277}},"16":{"start":{"line":2,"column":277},"end":{"line":2,"column":326}},"17":{"start":{"line":2,"column":313},"end":{"line":2,"column":326}},"18":{"start":{"line":2,"column":326},"end":{"line":2,"column":346}},"19":{"start":{"line":2,"column":352},"end":{"line":2,"column":369}},"20":{"start":{"line":2,"column":370},"end":{"line":2,"column":410}},"21":{"start":{"line":2,"column":378},"end":{"line":2,"column":410}},"22":{"start":{"line":2,"column":410},"end":{"line":2,"column":431}},"23":{"start":{"line":2,"column":418},"end":{"line":2,"column":431}},"24":{"start":{"line":2,"column":431},"end":{"line":2,"column":453}},"25":{"start":{"line":2,"column":453},"end":{"line":2,"column":475}},"26":{"start":{"line":2,"column":475},"end":{"line":2,"column":517}},"27":{"start":{"line":2,"column":483},"end":{"line":2,"column":517}},"28":{"start":{"line":2,"column":517},"end":{"line":2,"column":538}},"29":{"start":{"line":2,"column":525},"end":{"line":2,"column":538}},"30":{"start":{"line":3,"column":0},"end":{"line":3,"column":85}},"31":{"start":{"line":3,"column":23},"end":{"line":3,"column":85}},"32":{"start":{"line":3,"column":72},"end":{"line":3,"column":85}},"33":{"start":{"line":3,"column":85},"end":{"line":3,"column":144}},"34":{"start":{"line":3,"column":108},"end":{"line":3,"column":144}},"35":{"start":{"line":3,"column":131},"end":{"line":3,"column":144}},"36":{"start":{"line":3,"column":144},"end":{"line":3,"column":155}},"37":{"start":{"line":3,"column":156},"end":{"line":3,"column":168}},"38":{"start":{"line":4,"column":0},"end":{"line":22,"column":90}},"39":{"start":{"line":4,"column":58},"end":{"line":4,"column":62}},"40":{"start":{"line":4,"column":63},"end":{"line":5,"column":338}},"41":{"start":{"line":4,"column":108},"end":{"line":5,"column":250}},"42":{"start":{"line":4,"column":137},"end":{"line":4,"column":232}},"43":{"start":{"line":4,"column":237},"end":{"line":5,"column":250}},"44":{"start":{"line":4,"column":289},"end":{"line":4,"column":304}},"45":{"start":{"line":4,"column":305},"end":{"line":5,"column":159}},"46":{"start":{"line":4,"column":322},"end":{"line":4,"column":431}},"47":{"start":{"line":4,"column":436},"end":{"line":5,"column":159}},"48":{"start":{"line":4,"column":466},"end":{"line":4,"column":474}},"49":{"start":{"line":4,"column":477},"end":{"line":4,"column":486}},"50":{"start":{"line":4,"column":487},"end":{"line":5,"column":26}},"51":{"start":{"line":5,"column":26},"end":{"line":5,"column":158}},"52":{"start":{"line":5,"column":165},"end":{"line":5,"column":250}},"53":{"start":{"line":5,"column":255},"end":{"line":5,"column":338}},"54":{"start":{"line":5,"column":338},"end":{"line":5,"column":374}},"55":{"start":{"line":5,"column":405},"end":{"line":5,"column":451}},"56":{"start":{"line":5,"column":454},"end":{"line":5,"column":474}},"57":{"start":{"line":5,"column":475},"end":{"line":5,"column":488}},"58":{"start":{"line":5,"column":494},"end":{"line":5,"column":498}},"59":{"start":{"line":5,"column":501},"end":{"line":5,"column":502}},"60":{"start":{"line":5,"column":503},"end":{"line":18,"column":221}},"61":{"start":{"line":6,"column":46},"end":{"line":6,"column":52}},"62":{"start":{"line":6,"column":53},"end":{"line":16,"column":349}},"63":{"start":{"line":6,"column":77},"end":{"line":6,"column":141}},"64":{"start":{"line":6,"column":142},"end":{"line":6,"column":166}},"65":{"start":{"line":6,"column":172},"end":{"line":16,"column":349}},"66":{"start":{"line":6,"column":224},"end":{"line":6,"column":234}},"67":{"start":{"line":6,"column":235},"end":{"line":7,"column":43}},"68":{"start":{"line":6,"column":252},"end":{"line":6,"column":357}},"69":{"start":{"line":6,"column":362},"end":{"line":7,"column":43}},"70":{"start":{"line":6,"column":392},"end":{"line":6,"column":400}},"71":{"start":{"line":6,"column":403},"end":{"line":6,"column":412}},"72":{"start":{"line":6,"column":413},"end":{"line":6,"column":463}},"73":{"start":{"line":6,"column":463},"end":{"line":7,"column":42}},"74":{"start":{"line":7,"column":43},"end":{"line":7,"column":56}},"75":{"start":{"line":7,"column":56},"end":{"line":15,"column":196}},"76":{"start":{"line":7,"column":73},"end":{"line":7,"column":174}},"77":{"start":{"line":7,"column":179},"end":{"line":15,"column":196}},"78":{"start":{"line":7,"column":225},"end":{"line":7,"column":234}},"79":{"start":{"line":7,"column":234},"end":{"line":8,"column":176}},"80":{"start":{"line":7,"column":251},"end":{"line":7,"column":361}},"81":{"start":{"line":7,"column":366},"end":{"line":8,"column":45}},"82":{"start":{"line":7,"column":390},"end":{"line":7,"column":401}},"83":{"start":{"line":7,"column":407},"end":{"line":7,"column":416}},"84":{"start":{"line":7,"column":417},"end":{"line":7,"column":467}},"85":{"start":{"line":7,"column":467},"end":{"line":8,"column":44}},"86":{"start":{"line":8,"column":45},"end":{"line":8,"column":59}},"87":{"start":{"line":8,"column":59},"end":{"line":8,"column":175}},"88":{"start":{"line":8,"column":176},"end":{"line":8,"column":184}},"89":{"start":{"line":8,"column":184},"end":{"line":15,"column":99}},"90":{"start":{"line":8,"column":201},"end":{"line":8,"column":306}},"91":{"start":{"line":8,"column":311},"end":{"line":10,"column":364}},"92":{"start":{"line":10,"column":364},"end":{"line":10,"column":368}},"93":{"start":{"line":10,"column":375},"end":{"line":10,"column":380}},"94":{"start":{"line":10,"column":381},"end":{"line":10,"column":390}},"95":{"start":{"line":10,"column":396},"end":{"line":10,"column":397}},"96":{"start":{"line":10,"column":398},"end":{"line":12,"column":140}},"97":{"start":{"line":10,"column":443},"end":{"line":12,"column":36}},"98":{"start":{"line":11,"column":14},"end":{"line":11,"column":136}},"99":{"start":{"line":11,"column":141},"end":{"line":11,"column":393}},"100":{"start":{"line":11,"column":165},"end":{"line":11,"column":176}},"101":{"start":{"line":11,"column":182},"end":{"line":11,"column":191}},"102":{"start":{"line":11,"column":192},"end":{"line":11,"column":242}},"103":{"start":{"line":11,"column":242},"end":{"line":11,"column":392}},"104":{"start":{"line":11,"column":393},"end":{"line":11,"column":402}},"105":{"start":{"line":11,"column":402},"end":{"line":11,"column":453}},"106":{"start":{"line":11,"column":425},"end":{"line":11,"column":453}},"107":{"start":{"line":11,"column":439},"end":{"line":11,"column":447}},"108":{"start":{"line":11,"column":447},"end":{"line":11,"column":452}},"109":{"start":{"line":11,"column":453},"end":{"line":12,"column":35}},"110":{"start":{"line":12,"column":41},"end":{"line":12,"column":140}},"111":{"start":{"line":12,"column":140},"end":{"line":12,"column":159}},"112":{"start":{"line":12,"column":159},"end":{"line":12,"column":163}},"113":{"start":{"line":12,"column":163},"end":{"line":13,"column":419}},"114":{"start":{"line":12,"column":208},"end":{"line":13,"column":315}},"115":{"start":{"line":12,"column":295},"end":{"line":12,"column":418}},"116":{"start":{"line":12,"column":423},"end":{"line":13,"column":164}},"117":{"start":{"line":12,"column":447},"end":{"line":12,"column":458}},"118":{"start":{"line":12,"column":458},"end":{"line":12,"column":470}},"119":{"start":{"line":12,"column":470},"end":{"line":13,"column":11}},"120":{"start":{"line":13,"column":6},"end":{"line":13,"column":11}},"121":{"start":{"line":13,"column":11},"end":{"line":13,"column":163}},"122":{"start":{"line":13,"column":164},"end":{"line":13,"column":314}},"123":{"start":{"line":13,"column":320},"end":{"line":13,"column":419}},"124":{"start":{"line":13,"column":419},"end":{"line":15,"column":64}},"125":{"start":{"line":13,"column":435},"end":{"line":13,"column":444}},"126":{"start":{"line":13,"column":449},"end":{"line":13,"column":464}},"127":{"start":{"line":13,"column":464},"end":{"line":13,"column":468}},"128":{"start":{"line":13,"column":468},"end":{"line":15,"column":29}},"129":{"start":{"line":13,"column":513},"end":{"line":14,"column":450}},"130":{"start":{"line":14,"column":67},"end":{"line":14,"column":188}},"131":{"start":{"line":14,"column":193},"end":{"line":14,"column":449}},"132":{"start":{"line":14,"column":218},"end":{"line":14,"column":230}},"133":{"start":{"line":14,"column":230},"end":{"line":14,"column":305}},"134":{"start":{"line":14,"column":262},"end":{"line":14,"column":271}},"135":{"start":{"line":14,"column":276},"end":{"line":14,"column":305}},"136":{"start":{"line":14,"column":297},"end":{"line":14,"column":305}},"137":{"start":{"line":14,"column":305},"end":{"line":14,"column":448}},"138":{"start":{"line":14,"column":455},"end":{"line":15,"column":29}},"139":{"start":{"line":15,"column":29},"end":{"line":15,"column":63}},"140":{"start":{"line":15,"column":64},"end":{"line":15,"column":98}},"141":{"start":{"line":15,"column":105},"end":{"line":15,"column":196}},"142":{"start":{"line":15,"column":196},"end":{"line":15,"column":212}},"143":{"start":{"line":15,"column":212},"end":{"line":16,"column":27}},"144":{"start":{"line":16,"column":27},"end":{"line":16,"column":37}},"145":{"start":{"line":16,"column":37},"end":{"line":16,"column":261}},"146":{"start":{"line":16,"column":267},"end":{"line":16,"column":349}},"147":{"start":{"line":16,"column":349},"end":{"line":16,"column":361}},"148":{"start":{"line":16,"column":361},"end":{"line":18,"column":132}},"149":{"start":{"line":18,"column":138},"end":{"line":18,"column":221}},"150":{"start":{"line":18,"column":221},"end":{"line":18,"column":257}},"151":{"start":{"line":18,"column":301},"end":{"line":18,"column":305}},"152":{"start":{"line":18,"column":306},"end":{"line":19,"column":515}},"153":{"start":{"line":18,"column":351},"end":{"line":19,"column":427}},"154":{"start":{"line":18,"column":377},"end":{"line":18,"column":469}},"155":{"start":{"line":18,"column":474},"end":{"line":19,"column":427}},"156":{"start":{"line":19,"column":0},"end":{"line":19,"column":6}},"157":{"start":{"line":19,"column":7},"end":{"line":19,"column":339}},"158":{"start":{"line":19,"column":24},"end":{"line":19,"column":121}},"159":{"start":{"line":19,"column":126},"end":{"line":19,"column":339}},"160":{"start":{"line":19,"column":156},"end":{"line":19,"column":164}},"161":{"start":{"line":19,"column":167},"end":{"line":19,"column":176}},"162":{"start":{"line":19,"column":177},"end":{"line":19,"column":227}},"163":{"start":{"line":19,"column":227},"end":{"line":19,"column":338}},"164":{"start":{"line":19,"column":345},"end":{"line":19,"column":427}},"165":{"start":{"line":19,"column":432},"end":{"line":19,"column":515}},"166":{"start":{"line":20,"column":0},"end":{"line":20,"column":36}},"167":{"start":{"line":20,"column":81},"end":{"line":20,"column":85}},"168":{"start":{"line":20,"column":86},"end":{"line":21,"column":326}},"169":{"start":{"line":20,"column":131},"end":{"line":21,"column":238}},"170":{"start":{"line":20,"column":161},"end":{"line":20,"column":257}},"171":{"start":{"line":20,"column":262},"end":{"line":21,"column":238}},"172":{"start":{"line":20,"column":314},"end":{"line":20,"column":322}},"173":{"start":{"line":20,"column":323},"end":{"line":21,"column":146}},"174":{"start":{"line":20,"column":340},"end":{"line":20,"column":443}},"175":{"start":{"line":20,"column":448},"end":{"line":21,"column":146}},"176":{"start":{"line":20,"column":478},"end":{"line":20,"column":486}},"177":{"start":{"line":20,"column":489},"end":{"line":20,"column":498}},"178":{"start":{"line":20,"column":499},"end":{"line":21,"column":26}},"179":{"start":{"line":21,"column":26},"end":{"line":21,"column":145}},"180":{"start":{"line":21,"column":152},"end":{"line":21,"column":238}},"181":{"start":{"line":21,"column":243},"end":{"line":21,"column":326}},"182":{"start":{"line":21,"column":326},"end":{"line":21,"column":362}},"183":{"start":{"line":22,"column":27},"end":{"line":22,"column":63}},"184":{"start":{"line":22,"column":63},"end":{"line":22,"column":87}}},"fnMap":{"0":{"name":"t","decl":{"start":{"line":2,"column":9},"end":{"line":2,"column":10}},"loc":{"start":{"line":2,"column":15},"end":{"line":3,"column":169}},"line":2},"1":{"name":"(anonymous_1)","decl":{"start":{"line":4,"column":27},"end":{"line":4,"column":28}},"loc":{"start":{"line":4,"column":38},"end":{"line":5,"column":375}},"line":4},"2":{"name":"(anonymous_2)","decl":{"start":{"line":5,"column":387},"end":{"line":5,"column":388}},"loc":{"start":{"line":5,"column":398},"end":{"line":18,"column":258}},"line":5},"3":{"name":"(anonymous_3)","decl":{"start":{"line":18,"column":270},"end":{"line":18,"column":271}},"loc":{"start":{"line":18,"column":281},"end":{"line":20,"column":37}},"line":18},"4":{"name":"(anonymous_4)","decl":{"start":{"line":20,"column":50},"end":{"line":20,"column":51}},"loc":{"start":{"line":20,"column":61},"end":{"line":21,"column":363}},"line":20},"5":{"name":"(anonymous_5)","decl":{"start":{"line":22,"column":13},"end":{"line":22,"column":14}},"loc":{"start":{"line":22,"column":26},"end":{"line":22,"column":88}},"line":22}},"branchMap":{"0":{"loc":{"start":{"line":2,"column":16},"end":{"line":2,"column":37}},"type":"if","locations":[{"start":{"line":2,"column":16},"end":{"line":2,"column":37}},{"start":{"line":2,"column":16},"end":{"line":2,"column":37}}],"line":2},"1":{"loc":{"start":{"line":2,"column":79},"end":{"line":2,"column":188}},"type":"if","locations":[{"start":{"line":2,"column":79},"end":{"line":2,"column":188}},{"start":{"line":2,"column":79},"end":{"line":2,"column":188}}],"line":2},"2":{"loc":{"start":{"line":2,"column":82},"end":{"line":2,"column":86}},"type":"binary-expr","locations":[{"start":{"line":2,"column":82},"end":{"line":2,"column":83}},{"start":{"line":2,"column":85},"end":{"line":2,"column":86}}],"line":2},"3":{"loc":{"start":{"line":2,"column":88},"end":{"line":2,"column":123}},"type":"if","locations":[{"start":{"line":2,"column":88},"end":{"line":2,"column":123}},{"start":{"line":2,"column":88},"end":{"line":2,"column":123}}],"line":2},"4":{"loc":{"start":{"line":2,"column":146},"end":{"line":2,"column":176}},"type":"if","locations":[{"start":{"line":2,"column":146},"end":{"line":2,"column":176}},{"start":{"line":2,"column":146},"end":{"line":2,"column":176}}],"line":2},"5":{"loc":{"start":{"line":2,"column":188},"end":{"line":2,"column":209}},"type":"if","locations":[{"start":{"line":2,"column":188},"end":{"line":2,"column":209}},{"start":{"line":2,"column":188},"end":{"line":2,"column":209}}],"line":2},"6":{"loc":{"start":{"line":2,"column":209},"end":{"line":3,"column":156}},"type":"if","locations":[{"start":{"line":2,"column":209},"end":{"line":3,"column":156}},{"start":{"line":2,"column":209},"end":{"line":3,"column":156}}],"line":2},"7":{"loc":{"start":{"line":2,"column":212},"end":{"line":2,"column":258}},"type":"binary-expr","locations":[{"start":{"line":2,"column":212},"end":{"line":2,"column":213}},{"start":{"line":2,"column":215},"end":{"line":2,"column":216}},{"start":{"line":2,"column":218},"end":{"line":2,"column":237}},{"start":{"line":2,"column":239},"end":{"line":2,"column":258}}],"line":2},"8":{"loc":{"start":{"line":2,"column":277},"end":{"line":2,"column":326}},"type":"if","locations":[{"start":{"line":2,"column":277},"end":{"line":2,"column":326}},{"start":{"line":2,"column":277},"end":{"line":2,"column":326}}],"line":2},"9":{"loc":{"start":{"line":2,"column":370},"end":{"line":2,"column":410}},"type":"if","locations":[{"start":{"line":2,"column":370},"end":{"line":2,"column":410}},{"start":{"line":2,"column":370},"end":{"line":2,"column":410}}],"line":2},"10":{"loc":{"start":{"line":2,"column":373},"end":{"line":2,"column":377}},"type":"binary-expr","locations":[{"start":{"line":2,"column":373},"end":{"line":2,"column":374}},{"start":{"line":2,"column":376},"end":{"line":2,"column":377}}],"line":2},"11":{"loc":{"start":{"line":2,"column":410},"end":{"line":2,"column":431}},"type":"if","locations":[{"start":{"line":2,"column":410},"end":{"line":2,"column":431}},{"start":{"line":2,"column":410},"end":{"line":2,"column":431}}],"line":2},"12":{"loc":{"start":{"line":2,"column":475},"end":{"line":2,"column":517}},"type":"if","locations":[{"start":{"line":2,"column":475},"end":{"line":2,"column":517}},{"start":{"line":2,"column":475},"end":{"line":2,"column":517}}],"line":2},"13":{"loc":{"start":{"line":2,"column":478},"end":{"line":2,"column":482}},"type":"binary-expr","locations":[{"start":{"line":2,"column":478},"end":{"line":2,"column":479}},{"start":{"line":2,"column":481},"end":{"line":2,"column":482}}],"line":2},"14":{"loc":{"start":{"line":2,"column":517},"end":{"line":2,"column":538}},"type":"if","locations":[{"start":{"line":2,"column":517},"end":{"line":2,"column":538}},{"start":{"line":2,"column":517},"end":{"line":2,"column":538}}],"line":2},"15":{"loc":{"start":{"line":3,"column":23},"end":{"line":3,"column":85}},"type":"if","locations":[{"start":{"line":3,"column":23},"end":{"line":3,"column":85}},{"start":{"line":3,"column":23},"end":{"line":3,"column":85}}],"line":3},"16":{"loc":{"start":{"line":3,"column":108},"end":{"line":3,"column":144}},"type":"if","locations":[{"start":{"line":3,"column":108},"end":{"line":3,"column":144}},{"start":{"line":3,"column":108},"end":{"line":3,"column":144}}],"line":3},"17":{"loc":{"start":{"line":4,"column":63},"end":{"line":5,"column":338}},"type":"if","locations":[{"start":{"line":4,"column":63},"end":{"line":5,"column":338}},{"start":{"line":4,"column":63},"end":{"line":5,"column":338}}],"line":4},"18":{"loc":{"start":{"line":4,"column":66},"end":{"line":4,"column":107}},"type":"binary-expr","locations":[{"start":{"line":4,"column":66},"end":{"line":4,"column":67}},{"start":{"line":4,"column":69},"end":{"line":4,"column":88}},{"start":{"line":4,"column":90},"end":{"line":4,"column":107}}],"line":4},"19":{"loc":{"start":{"line":4,"column":108},"end":{"line":5,"column":250}},"type":"if","locations":[{"start":{"line":4,"column":108},"end":{"line":5,"column":250}},{"start":{"line":4,"column":108},"end":{"line":5,"column":250}}],"line":4},"20":{"loc":{"start":{"line":4,"column":207},"end":{"line":4,"column":231}},"type":"cond-expr","locations":[{"start":{"line":4,"column":216},"end":{"line":4,"column":221}},{"start":{"line":4,"column":222},"end":{"line":4,"column":231}}],"line":4},"21":{"loc":{"start":{"line":4,"column":237},"end":{"line":5,"column":250}},"type":"if","locations":[{"start":{"line":4,"column":237},"end":{"line":5,"column":250}},{"start":{"line":4,"column":237},"end":{"line":5,"column":250}}],"line":4},"22":{"loc":{"start":{"line":4,"column":240},"end":{"line":4,"column":281}},"type":"binary-expr","locations":[{"start":{"line":4,"column":240},"end":{"line":4,"column":241}},{"start":{"line":4,"column":243},"end":{"line":4,"column":262}},{"start":{"line":4,"column":264},"end":{"line":4,"column":281}}],"line":4},"23":{"loc":{"start":{"line":4,"column":305},"end":{"line":5,"column":159}},"type":"if","locations":[{"start":{"line":4,"column":305},"end":{"line":5,"column":159}},{"start":{"line":4,"column":305},"end":{"line":5,"column":159}}],"line":4},"24":{"loc":{"start":{"line":4,"column":406},"end":{"line":4,"column":430}},"type":"cond-expr","locations":[{"start":{"line":4,"column":415},"end":{"line":4,"column":420}},{"start":{"line":4,"column":421},"end":{"line":4,"column":430}}],"line":4},"25":{"loc":{"start":{"line":4,"column":436},"end":{"line":5,"column":159}},"type":"if","locations":[{"start":{"line":4,"column":436},"end":{"line":5,"column":159}},{"start":{"line":4,"column":436},"end":{"line":5,"column":159}}],"line":4},"26":{"loc":{"start":{"line":4,"column":487},"end":{"line":5,"column":25}},"type":"cond-expr","locations":[{"start":{"line":5,"column":2},"end":{"line":5,"column":8}},{"start":{"line":5,"column":9},"end":{"line":5,"column":25}}],"line":4},"27":{"loc":{"start":{"line":4,"column":487},"end":{"line":5,"column":1}},"type":"binary-expr","locations":[{"start":{"line":4,"column":487},"end":{"line":4,"column":498}},{"start":{"line":4,"column":500},"end":{"line":5,"column":1}}],"line":4},"28":{"loc":{"start":{"line":5,"column":9},"end":{"line":5,"column":25}},"type":"binary-expr","locations":[{"start":{"line":5,"column":9},"end":{"line":5,"column":17}},{"start":{"line":5,"column":20},"end":{"line":5,"column":24}}],"line":5},"29":{"loc":{"start":{"line":5,"column":26},"end":{"line":5,"column":158}},"type":"cond-expr","locations":[{"start":{"line":5,"column":41},"end":{"line":5,"column":139}},{"start":{"line":5,"column":141},"end":{"line":5,"column":158}}],"line":5},"30":{"loc":{"start":{"line":5,"column":115},"end":{"line":5,"column":139}},"type":"cond-expr","locations":[{"start":{"line":5,"column":124},"end":{"line":5,"column":129}},{"start":{"line":5,"column":130},"end":{"line":5,"column":139}}],"line":5},"31":{"loc":{"start":{"line":5,"column":225},"end":{"line":5,"column":249}},"type":"cond-expr","locations":[{"start":{"line":5,"column":234},"end":{"line":5,"column":239}},{"start":{"line":5,"column":240},"end":{"line":5,"column":249}}],"line":5},"32":{"loc":{"start":{"line":5,"column":313},"end":{"line":5,"column":337}},"type":"cond-expr","locations":[{"start":{"line":5,"column":322},"end":{"line":5,"column":327}},{"start":{"line":5,"column":328},"end":{"line":5,"column":337}}],"line":5},"33":{"loc":{"start":{"line":5,"column":345},"end":{"line":5,"column":374}},"type":"cond-expr","locations":[{"start":{"line":5,"column":368},"end":{"line":5,"column":372}},{"start":{"line":5,"column":373},"end":{"line":5,"column":374}}],"line":5},"34":{"loc":{"start":{"line":5,"column":345},"end":{"line":5,"column":366}},"type":"binary-expr","locations":[{"start":{"line":5,"column":345},"end":{"line":5,"column":352}},{"start":{"line":5,"column":354},"end":{"line":5,"column":366}}],"line":5},"35":{"loc":{"start":{"line":5,"column":503},"end":{"line":18,"column":221}},"type":"if","locations":[{"start":{"line":5,"column":503},"end":{"line":18,"column":221}},{"start":{"line":5,"column":503},"end":{"line":18,"column":221}}],"line":5},"36":{"loc":{"start":{"line":5,"column":506},"end":{"line":6,"column":38}},"type":"binary-expr","locations":[{"start":{"line":5,"column":506},"end":{"line":5,"column":507}},{"start":{"line":6,"column":0},"end":{"line":6,"column":19}},{"start":{"line":6,"column":21},"end":{"line":6,"column":38}}],"line":5},"37":{"loc":{"start":{"line":6,"column":53},"end":{"line":16,"column":349}},"type":"if","locations":[{"start":{"line":6,"column":53},"end":{"line":16,"column":349}},{"start":{"line":6,"column":53},"end":{"line":16,"column":349}}],"line":6},"38":{"loc":{"start":{"line":6,"column":142},"end":{"line":6,"column":166}},"type":"cond-expr","locations":[{"start":{"line":6,"column":151},"end":{"line":6,"column":156}},{"start":{"line":6,"column":157},"end":{"line":6,"column":166}}],"line":6},"39":{"loc":{"start":{"line":6,"column":172},"end":{"line":16,"column":349}},"type":"if","locations":[{"start":{"line":6,"column":172},"end":{"line":16,"column":349}},{"start":{"line":6,"column":172},"end":{"line":16,"column":349}}],"line":6},"40":{"loc":{"start":{"line":6,"column":175},"end":{"line":6,"column":216}},"type":"binary-expr","locations":[{"start":{"line":6,"column":175},"end":{"line":6,"column":176}},{"start":{"line":6,"column":178},"end":{"line":6,"column":197}},{"start":{"line":6,"column":199},"end":{"line":6,"column":216}}],"line":6},"41":{"loc":{"start":{"line":6,"column":235},"end":{"line":7,"column":43}},"type":"if","locations":[{"start":{"line":6,"column":235},"end":{"line":7,"column":43}},{"start":{"line":6,"column":235},"end":{"line":7,"column":43}}],"line":6},"42":{"loc":{"start":{"line":6,"column":328},"end":{"line":6,"column":352}},"type":"cond-expr","locations":[{"start":{"line":6,"column":337},"end":{"line":6,"column":342}},{"start":{"line":6,"column":343},"end":{"line":6,"column":352}}],"line":6},"43":{"loc":{"start":{"line":6,"column":362},"end":{"line":7,"column":43}},"type":"if","locations":[{"start":{"line":6,"column":362},"end":{"line":7,"column":43}},{"start":{"line":6,"column":362},"end":{"line":7,"column":43}}],"line":6},"44":{"loc":{"start":{"line":6,"column":413},"end":{"line":6,"column":462}},"type":"cond-expr","locations":[{"start":{"line":6,"column":439},"end":{"line":6,"column":445}},{"start":{"line":6,"column":446},"end":{"line":6,"column":462}}],"line":6},"45":{"loc":{"start":{"line":6,"column":413},"end":{"line":6,"column":438}},"type":"binary-expr","locations":[{"start":{"line":6,"column":413},"end":{"line":6,"column":424}},{"start":{"line":6,"column":426},"end":{"line":6,"column":438}}],"line":6},"46":{"loc":{"start":{"line":6,"column":446},"end":{"line":6,"column":462}},"type":"binary-expr","locations":[{"start":{"line":6,"column":446},"end":{"line":6,"column":454}},{"start":{"line":6,"column":457},"end":{"line":6,"column":461}}],"line":6},"47":{"loc":{"start":{"line":6,"column":463},"end":{"line":7,"column":42}},"type":"cond-expr","locations":[{"start":{"line":6,"column":478},"end":{"line":7,"column":28}},{"start":{"line":7,"column":30},"end":{"line":7,"column":42}}],"line":6},"48":{"loc":{"start":{"line":7,"column":0},"end":{"line":7,"column":24}},"type":"cond-expr","locations":[{"start":{"line":7,"column":9},"end":{"line":7,"column":14}},{"start":{"line":7,"column":15},"end":{"line":7,"column":24}}],"line":7},"49":{"loc":{"start":{"line":7,"column":56},"end":{"line":15,"column":196}},"type":"if","locations":[{"start":{"line":7,"column":56},"end":{"line":15,"column":196}},{"start":{"line":7,"column":56},"end":{"line":15,"column":196}}],"line":7},"50":{"loc":{"start":{"line":7,"column":149},"end":{"line":7,"column":173}},"type":"cond-expr","locations":[{"start":{"line":7,"column":158},"end":{"line":7,"column":163}},{"start":{"line":7,"column":164},"end":{"line":7,"column":173}}],"line":7},"51":{"loc":{"start":{"line":7,"column":179},"end":{"line":15,"column":196}},"type":"if","locations":[{"start":{"line":7,"column":179},"end":{"line":15,"column":196}},{"start":{"line":7,"column":179},"end":{"line":15,"column":196}}],"line":7},"52":{"loc":{"start":{"line":7,"column":182},"end":{"line":7,"column":223}},"type":"binary-expr","locations":[{"start":{"line":7,"column":182},"end":{"line":7,"column":183}},{"start":{"line":7,"column":185},"end":{"line":7,"column":204}},{"start":{"line":7,"column":206},"end":{"line":7,"column":223}}],"line":7},"53":{"loc":{"start":{"line":7,"column":234},"end":{"line":8,"column":176}},"type":"if","locations":[{"start":{"line":7,"column":234},"end":{"line":8,"column":176}},{"start":{"line":7,"column":234},"end":{"line":8,"column":176}}],"line":7},"54":{"loc":{"start":{"line":7,"column":332},"end":{"line":7,"column":356}},"type":"cond-expr","locations":[{"start":{"line":7,"column":341},"end":{"line":7,"column":346}},{"start":{"line":7,"column":347},"end":{"line":7,"column":356}}],"line":7},"55":{"loc":{"start":{"line":7,"column":366},"end":{"line":8,"column":45}},"type":"if","locations":[{"start":{"line":7,"colum
[...]
}},{"start":{"line":16,"column":141},"end":{"line":16,"column":145}}],"line":16},"151":{"loc":{"start":{"line":16,"column":147},"end":{"line":16,"column":260}},"type":"cond-expr","locations":[{"start":{"line":16,"column":162},"end":{"line":16,"column":249}},{"start":{"line":16,"column":251},"end":{"line":16,"column":260}}],"line":16},"152":{"loc":{"start":{"line":16,"column":225},"end":{"line":16,"column":249}},"type":"cond-expr","locations":[{"start":{"line":16,"column":234},"end":{"line":16,"column":239}},{"start":{"line":16,"column":240},"end":{"line":16,"column":249}}],"line":16},"153":{"loc":{"start":{"line":16,"column":324},"end":{"line":16,"column":348}},"type":"cond-expr","locations":[{"start":{"line":16,"column":333},"end":{"line":16,"column":338}},{"start":{"line":16,"column":339},"end":{"line":16,"column":348}}],"line":16},"154":{"loc":{"start":{"line":16,"column":361},"end":{"line":18,"column":132}},"type":"cond-expr","locations":[{"start":{"line":16,"column":376},"end":{"line":16,"column":470}},{"start":{"line":16,"column":472},"end":{"line":18,"column":132}}],"line":16},"155":{"loc":{"start":{"line":16,"column":446},"end":{"line":16,"column":470}},"type":"cond-expr","locations":[{"start":{"line":16,"column":455},"end":{"line":16,"column":460}},{"start":{"line":16,"column":461},"end":{"line":16,"column":470}}],"line":16},"156":{"loc":{"start":{"line":16,"column":472},"end":{"line":18,"column":132}},"type":"cond-expr","locations":[{"start":{"line":17,"column":1},"end":{"line":18,"column":44}},{"start":{"line":18,"column":47},"end":{"line":18,"column":131}}],"line":16},"157":{"loc":{"start":{"line":16,"column":472},"end":{"line":16,"column":513}},"type":"binary-expr","locations":[{"start":{"line":16,"column":472},"end":{"line":16,"column":473}},{"start":{"line":16,"column":475},"end":{"line":16,"column":494}},{"start":{"line":16,"column":496},"end":{"line":16,"column":513}}],"line":16},"158":{"loc":{"start":{"line":17,"column":12},"end":{"line":17,"column":241}},"type":"binary-expr","locations":[{"start":{"line":17,"column":12},"end":{"line":17,"column":25}},{"start":{"line":17,"column":27},"end":{"line":17,"column":46}},{"start":{"line":17,"column":49},"end":{"line":17,"column":240}}],"line":17},"159":{"loc":{"start":{"line":17,"column":72},"end":{"line":17,"column":121}},"type":"cond-expr","locations":[{"start":{"line":17,"column":98},"end":{"line":17,"column":104}},{"start":{"line":17,"column":105},"end":{"line":17,"column":121}}],"line":17},"160":{"loc":{"start":{"line":17,"column":72},"end":{"line":17,"column":97}},"type":"binary-expr","locations":[{"start":{"line":17,"column":72},"end":{"line":17,"column":83}},{"start":{"line":17,"column":85},"end":{"line":17,"column":97}}],"line":17},"161":{"loc":{"start":{"line":17,"column":105},"end":{"line":17,"column":121}},"type":"binary-expr","locations":[{"start":{"line":17,"column":105},"end":{"line":17,"column":113}},{"start":{"line":17,"column":116},"end":{"line":17,"column":120}}],"line":17},"162":{"loc":{"start":{"line":17,"column":122},"end":{"line":17,"column":240}},"type":"cond-expr","locations":[{"start":{"line":17,"column":137},"end":{"line":17,"column":228}},{"start":{"line":17,"column":230},"end":{"line":17,"column":240}}],"line":17},"163":{"loc":{"start":{"line":17,"column":204},"end":{"line":17,"column":228}},"type":"cond-expr","locations":[{"start":{"line":17,"column":213},"end":{"line":17,"column":218}},{"start":{"line":17,"column":219},"end":{"line":17,"column":228}}],"line":17},"164":{"loc":{"start":{"line":17,"column":260},"end":{"line":18,"column":44}},"type":"cond-expr","locations":[{"start":{"line":17,"column":275},"end":{"line":17,"column":383}},{"start":{"line":17,"column":385},"end":{"line":18,"column":44}}],"line":17},"165":{"loc":{"start":{"line":17,"column":359},"end":{"line":17,"column":383}},"type":"cond-expr","locations":[{"start":{"line":17,"column":368},"end":{"line":17,"column":373}},{"start":{"line":17,"column":374},"end":{"line":17,"column":383}}],"line":17},"166":{"loc":{"start":{"line":17,"column":385},"end":{"line":18,"column":44}},"type":"binary-expr","locations":[{"start":{"line":17,"column":385},"end":{"line":17,"column":404}},{"start":{"line":17,"column":407},"end":{"line":18,"column":43}}],"line":17},"167":{"loc":{"start":{"line":17,"column":430},"end":{"line":17,"column":479}},"type":"cond-expr","locations":[{"start":{"line":17,"column":456},"end":{"line":17,"column":462}},{"start":{"line":17,"column":463},"end":{"line":17,"column":479}}],"line":17},"168":{"loc":{"start":{"line":17,"column":430},"end":{"line":17,"column":455}},"type":"binary-expr","locations":[{"start":{"line":17,"column":430},"end":{"line":17,"column":441}},{"start":{"line":17,"column":443},"end":{"line":17,"column":455}}],"line":17},"169":{"loc":{"start":{"line":17,"column":463},"end":{"line":17,"column":479}},"type":"binary-expr","locations":[{"start":{"line":17,"column":463},"end":{"line":17,"column":471}},{"start":{"line":17,"column":474},"end":{"line":17,"column":478}}],"line":17},"170":{"loc":{"start":{"line":17,"column":480},"end":{"line":18,"column":43}},"type":"cond-expr","locations":[{"start":{"line":17,"column":495},"end":{"line":18,"column":24}},{"start":{"line":18,"column":26},"end":{"line":18,"column":43}}],"line":17},"171":{"loc":{"start":{"line":18,"column":0},"end":{"line":18,"column":24}},"type":"cond-expr","locations":[{"start":{"line":18,"column":9},"end":{"line":18,"column":14}},{"start":{"line":18,"column":15},"end":{"line":18,"column":24}}],"line":18},"172":{"loc":{"start":{"line":18,"column":107},"end":{"line":18,"column":131}},"type":"cond-expr","locations":[{"start":{"line":18,"column":116},"end":{"line":18,"column":121}},{"start":{"line":18,"column":122},"end":{"line":18,"column":131}}],"line":18},"173":{"loc":{"start":{"line":18,"column":196},"end":{"line":18,"column":220}},"type":"cond-expr","locations":[{"start":{"line":18,"column":205},"end":{"line":18,"column":210}},{"start":{"line":18,"column":211},"end":{"line":18,"column":220}}],"line":18},"174":{"loc":{"start":{"line":18,"column":228},"end":{"line":18,"column":257}},"type":"cond-expr","locations":[{"start":{"line":18,"column":251},"end":{"line":18,"column":255}},{"start":{"line":18,"column":256},"end":{"line":18,"column":257}}],"line":18},"175":{"loc":{"start":{"line":18,"column":228},"end":{"line":18,"column":249}},"type":"binary-expr","locations":[{"start":{"line":18,"column":228},"end":{"line":18,"column":235}},{"start":{"line":18,"column":237},"end":{"line":18,"column":249}}],"line":18},"176":{"loc":{"start":{"line":18,"column":306},"end":{"line":19,"column":515}},"type":"if","locations":[{"start":{"line":18,"column":306},"end":{"line":19,"column":515}},{"start":{"line":18,"column":306},"end":{"line":19,"column":515}}],"line":18},"177":{"loc":{"start":{"line":18,"column":309},"end":{"line":18,"column":350}},"type":"binary-expr","locations":[{"start":{"line":18,"column":309},"end":{"line":18,"column":310}},{"start":{"line":18,"column":312},"end":{"line":18,"column":331}},{"start":{"line":18,"column":333},"end":{"line":18,"column":350}}],"line":18},"178":{"loc":{"start":{"line":18,"column":351},"end":{"line":19,"column":427}},"type":"if","locations":[{"start":{"line":18,"column":351},"end":{"line":19,"column":427}},{"start":{"line":18,"column":351},"end":{"line":19,"column":427}}],"line":18},"179":{"loc":{"start":{"line":18,"column":444},"end":{"line":18,"column":468}},"type":"cond-expr","locations":[{"start":{"line":18,"column":453},"end":{"line":18,"column":458}},{"start":{"line":18,"column":459},"end":{"line":18,"column":468}}],"line":18},"180":{"loc":{"start":{"line":18,"column":474},"end":{"line":19,"column":427}},"type":"if","locations":[{"start":{"line":18,"column":474},"end":{"line":19,"column":427}},{"start":{"line":18,"column":474},"end":{"line":19,"column":427}}],"line":18},"181":{"loc":{"start":{"line":18,"column":477},"end":{"line":18,"column":518}},"type":"binary-expr","locations":[{"start":{"line":18,"column":477},"end":{"line":18,"column":478}},{"start":{"line":18,"column":480},"end":{"line":18,"column":499}},{"start":{"line":18,"column":501},"end":{"line":18,"column":518}}],"line":18},"182":{"loc":{"start":{"line":19,"column":7},"end":{"line":19,"column":339}},"type":"if","locations":[{"start":{"line":19,"column":7},"end":{"line":19,"column":339}},{"start":{"line":19,"column":7},"end":{"line":19,"column":339}}],"line":19},"183":{"loc":{"start":{"line":19,"column":96},"end":{"line":19,"column":120}},"type":"cond-expr","locations":[{"start":{"line":19,"column":105},"end":{"line":19,"column":110}},{"start":{"line":19,"column":111},"end":{"line":19,"column":120}}],"line":19},"184":{"loc":{"start":{"line":19,"column":126},"end":{"line":19,"column":339}},"type":"if","locations":[{"start":{"line":19,"column":126},"end":{"line":19,"column":339}},{"start":{"line":19,"column":126},"end":{"line":19,"column":339}}],"line":19},"185":{"loc":{"start":{"line":19,"column":177},"end":{"line":19,"column":226}},"type":"cond-expr","locations":[{"start":{"line":19,"column":203},"end":{"line":19,"column":209}},{"start":{"line":19,"column":210},"end":{"line":19,"column":226}}],"line":19},"186":{"loc":{"start":{"line":19,"column":177},"end":{"line":19,"column":202}},"type":"binary-expr","locations":[{"start":{"line":19,"column":177},"end":{"line":19,"column":188}},{"start":{"line":19,"column":190},"end":{"line":19,"column":202}}],"line":19},"187":{"loc":{"start":{"line":19,"column":210},"end":{"line":19,"column":226}},"type":"binary-expr","locations":[{"start":{"line":19,"column":210},"end":{"line":19,"column":218}},{"start":{"line":19,"column":221},"end":{"line":19,"column":225}}],"line":19},"188":{"loc":{"start":{"line":19,"column":227},"end":{"line":19,"column":338}},"type":"cond-expr","locations":[{"start":{"line":19,"column":242},"end":{"line":19,"column":328}},{"start":{"line":19,"column":330},"end":{"line":19,"column":338}}],"line":19},"189":{"loc":{"start":{"line":19,"column":304},"end":{"line":19,"column":328}},"type":"cond-expr","locations":[{"start":{"line":19,"column":313},"end":{"line":19,"column":318}},{"start":{"line":19,"column":319},"end":{"line":19,"column":328}}],"line":19},"190":{"loc":{"start":{"line":19,"column":402},"end":{"line":19,"column":426}},"type":"cond-expr","locations":[{"start":{"line":19,"column":411},"end":{"line":19,"column":416}},{"start":{"line":19,"column":417},"end":{"line":19,"column":426}}],"line":19},"191":{"loc":{"start":{"line":19,"column":490},"end":{"line":19,"column":514}},"type":"cond-expr","locations":[{"start":{"line":19,"column":499},"end":{"line":19,"column":504}},{"start":{"line":19,"column":505},"end":{"line":19,"column":514}}],"line":19},"192":{"loc":{"start":{"line":20,"column":7},"end":{"line":20,"column":36}},"type":"cond-expr","locations":[{"start":{"line":20,"column":30},"end":{"line":20,"column":34}},{"start":{"line":20,"column":35},"end":{"line":20,"column":36}}],"line":20},"193":{"loc":{"start":{"line":20,"column":7},"end":{"line":20,"column":28}},"type":"binary-expr","locations":[{"start":{"line":20,"column":7},"end":{"line":20,"column":14}},{"start":{"line":20,"column":16},"end":{"line":20,"column":28}}],"line":20},"194":{"loc":{"start":{"line":20,"column":86},"end":{"line":21,"column":326}},"type":"if","locations":[{"start":{"line":20,"column":86},"end":{"line":21,"column":326}},{"start":{"line":20,"column":86},"end":{"line":21,"column":326}}],"line":20},"195":{"loc":{"start":{"line":20,"column":89},"end":{"line":20,"column":130}},"type":"binary-expr","locations":[{"start":{"line":20,"column":89},"end":{"line":20,"column":90}},{"start":{"line":20,"column":92},"end":{"line":20,"column":111}},{"start":{"line":20,"column":113},"end":{"line":20,"column":130}}],"line":20},"196":{"loc":{"start":{"line":20,"column":131},"end":{"line":21,"column":238}},"type":"if","locations":[{"start":{"line":20,"column":131},"end":{"line":21,"column":238}},{"start":{"line":20,"column":131},"end":{"line":21,"column":238}}],"line":20},"197":{"loc":{"start":{"line":20,"column":232},"end":{"line":20,"column":256}},"type":"cond-expr","locations":[{"start":{"line":20,"column":241},"end":{"line":20,"column":246}},{"start":{"line":20,"column":247},"end":{"line":20,"column":256}}],"line":20},"198":{"loc":{"start":{"line":20,"column":262},"end":{"line":21,"column":238}},"type":"if","locations":[{"start":{"line":20,"column":262},"end":{"line":21,"column":238}},{"start":{"line":20,"column":262},"end":{"line":21,"column":238}}],"line":20},"199":{"loc":{"start":{"line":20,"column":265},"end":{"line":20,"column":306}},"type":"binary-expr","locations":[{"start":{"line":20,"column":265},"end":{"line":20,"column":266}},{"start":{"line":20,"column":268},"end":{"line":20,"column":287}},{"start":{"line":20,"column":289},"end":{"line":20,"column":306}}],"line":20},"200":{"loc":{"start":{"line":20,"column":323},"end":{"line":21,"column":146}},"type":"if","locations":[{"start":{"line":20,"column":323},"end":{"line":21,"column":146}},{"start":{"line":20,"column":323},"end":{"line":21,"column":146}}],"line":20},"201":{"loc":{"start":{"line":20,"column":418},"end":{"line":20,"column":442}},"type":"cond-expr","locations":[{"start":{"line":20,"column":427},"end":{"line":20,"column":432}},{"start":{"line":20,"column":433},"end":{"line":20,"column":442}}],"line":20},"202":{"loc":{"start":{"line":20,"column":448},"end":{"line":21,"column":146}},"type":"if","locations":[{"start":{"line":20,"column":448},"end":{"line":21,"column":146}},{"start":{"line":20,"column":448},"end":{"line":21,"column":146}}],"line":20},"203":{"loc":{"start":{"line":20,"column":499},"end":{"line":21,"column":25}},"type":"cond-expr","locations":[{"start":{"line":21,"column":2},"end":{"line":21,"column":8}},{"start":{"line":21,"column":9},"end":{"line":21,"column":25}}],"line":20},"204":{"loc":{"start":{"line":20,"column":499},"end":{"line":21,"column":1}},"type":"binary-expr","locations":[{"start":{"line":20,"column":499},"end":{"line":20,"column":510}},{"start":{"line":20,"column":512},"end":{"line":21,"column":1}}],"line":20},"205":{"loc":{"start":{"line":21,"column":9},"end":{"line":21,"column":25}},"type":"binary-expr","locations":[{"start":{"line":21,"column":9},"end":{"line":21,"column":17}},{"start":{"line":21,"column":20},"end":{"line":21,"column":24}}],"line":21},"206":{"loc":{"start":{"line":21,"column":26},"end":{"line":21,"column":145}},"type":"cond-expr","locations":[{"start":{"line":21,"column":41},"end":{"line":21,"column":133}},{"start":{"line":21,"column":135},"end":{"line":21,"column":145}}],"line":21},"207":{"loc":{"start":{"line":21,"column":109},"end":{"line":21,"column":133}},"type":"cond-expr","locations":[{"start":{"line":21,"column":118},"end":{"line":21,"column":123}},{"start":{"line":21,"column":124},"end":{"line":21,"column":133}}],"line":21},"208":{"loc":{"start":{"line":21,"column":213},"end":{"line":21,"column":237}},"type":"cond-expr","locations":[{"start":{"line":21,"column":222},"end":{"line":21,"column":227}},{"start":{"line":21,"column":228},"end":{"line":21,"column":237}}],"line":21},"209":{"loc":{"start":{"line":21,"column":301},"end":{"line":21,"column":325}},"type":"cond-expr","locations":[{"start":{"line":21,"column":310},"end":{"line":21,"column":315}},{"start":{"line":21,"column":316},"end":{"line":21,"column":325}}],"line":21},"210":{"loc":{"start":{"line":21,"column":333},"end":{"line":21,"column":362}},"type":"cond-expr","locations":[{"start":{"line":21,"column":356},"end":{"line":21,"column":360}},{"start":{"line":21,"column":361},"end":{"line":21,"column":362}}],"line":21},"211":{"loc":{"start":{"line":21,"column":333},"end":{"line":21,"column":354}},"type":"binary-expr","locations":[{"start":{"line":21,"column":333},"end":{"line":21,"column":340}},{"start":{"line":21,"column":342},"end":{"line":21,"column":354}}],"line":21}},"s":{"0":1,"1":6,"2":3,"3":3,"4":3,"5":3,"6":0,"7":0,"8":0,"9":0,"10":0,"11":0,"12":3,"13":0,"14":3,"15":0,"16":0,"17":0,"18":0,"19":0,"20":0,"21":0,"22":0,"23":0,"24":0,"25":0,"26":0,"27":0,"28":0,"29":0,"30":0,"31":0,"32":0,"33":0,"34":0,"35":0,"36":0,"37":3,"38":1,"39":1,"40":1,"41":1,"42":0,"43":1,"44":1,"45":1,"46":0,"47":1,"48":0,"49":0,"50":0,"51":0,"52":0,"53":0,"54":1,"55":1,"56":1,"57":1,"58":1,"59":1,"60":1,"61":1,"62":1,"63":0,"64":0,"65":1,"66":1,"67":1,"68":0,"69":1,"70":0,"71":0,"72":0,"73":0,"74":1,"75":1,"76":0,"77":1,"78":1,"79":1,"80":0,"81":1,"82":0,"83":0,"84":0,"85":0,"86":1,"87":1,"88":1,"89":1,"90":0,"91":1,"92":1,"93":1,"94":1,"95":1,"96":1,"97":1,"98":0,"99":1,"100":0,"101":0,"102":0,"103":0,"104":1,"105":1,"106":2,"107":1,"108":1,"109":1,"110":0,"111":1,"112":1,"113":1,"114":1,"115":1,"116":0,"117":0,"118":0,"119":0,"120":0,"121":0,"122":0,"123":0,"124":1,"125":0,"126":1,"127":1,"128":1,"129":1,"130":1,"131":0,"132":0,"133":0,"134":0,"135":0,"136":0,"137":0,"138":0,"139":1,"140":1,"141":0,"142":1,"143":1,"144":1,"145":1,"146":0,"147":1,"148":1,"149":0,"150":1,"151":1,"152":1,"153":1,"154":0,"155":1,"156":1,"157":1,"158":0,"159":1,"160":0,"161":0,"162":0,"163":0,"164":0,"165":0,"166":1,"167":2,"168":2,"169":2,"170":0,"171":2,"172":2,"173":2,"174":0,"175":2,"176":0,"177":0,"178":0,"179":0,"180":0,"181":0,"182":2,"183":4,"184":4},"f":{"0":6,"1":1,"2":1,"3":1,"4":2,"5":4},"b":{"0":[3,3],"1":[0,3],"2":[3,0],"3":[0,0],"4":[0,0],"5":[0,3],"6":[0,3],"7":[3,3,3,0],"8":[0,0],"9":[0,0],"10":[0,0],"11":[0,0],"12":[0,0],"13":[0,0],"14":[0,0],"15":[0,0],"16":[0,0],"17":[1,0],"18":[1,1,1],"19":[0,1],"20":[0,0],"21":[1,0],"22":[1,1,1],"23":[0,1],"24":[0,0],"25":[0,1],"26":[0,0],"27":[0,0],"28":[0,0],"29":[0,0],"30":[0,0],"31":[0,0],"32":[0,0],"33":[1,0],"34":[1,0],"35":[1,0],"36":[1,1,1],"37":[0,1],"38":[0,0],"39":[1,0],"40":[1,1,1],"41":[0,1],"42":[0,0],"43":[0,1],"44":[0,0],"45":[0,0],"46":[0,0],"47":[0,0],"48":[0,0],"49":[0,1],"50":[0,0],"51":[1,0],"52":[1,1,1],"53":[0,1],"54":[0,0],"55":[0,1],"56":[0,0],"57":[0,0],"58":[0,0],"59":[0,0],"60":[0,0],"61":[1,0],"62":[0,0],"63":[0,1],"64":[0,0],"65":[1,1,1,1],"66":[0,1],"67":[0,0],"68":[1,0],"69":[0,0],"70":[0,0],"71":[0,0],"72":[0,0],"73":[0,0],"74":[0,1],"75":[0,0],"76":[1,0],"77":[0,0],"78":[0,0],"79":[0,0],"80":[0,0],"81":[0,0],"82":[1,1],"83":[1,0],"84":[0,0],"85":[1,0],"86":[0,0],"87":[1,0],"88":[1,1,1],"89":[0,1],"90":[1,1,0],"91":[0,0],"92":[0,1],"93":[0,0],"94":[0,0],"95":[0,0],"96":[0,0],"97":[0,0],"98":[1,1],"99":[1,0],"100":[0,0],"101":[0,0],"102":[1,1],"103":[1,0],"104":[1,1,1],"105":[1,0],"106":[1,1,1],"107":[1,0],"108":[0,0],"109":[0,0],"110":[0,0,0,0,0],"111":[0,0],"112":[0,0],"113":[0,0,0,0],"114":[0,0],"115":[0,0],"116":[0,1],"117":[1,0],"118":[1,0],"119":[1,0],"120":[1,1,1],"121":[1,0],"122":[1,1,1],"123":[0,1],"124":[0,0],"125":[0,0],"126":[0,0,0],"127":[0,0],"128":[0,0],"129":[0,0],"130":[0,0],"131":[0,0],"132":[0,1],"133":[1,0],"134":[1,0],"135":[1,1,1],"136":[0,1],"137":[0,0],"138":[1,0],"139":[0,0],"140":[0,0],"141":[0,0],"142":[0,0],"143":[0,0],"144":[0,0],"145":[0,0,0],"146":[0,0],"147":[1,0,0],"148":[0,0],"149":[0,0],"150":[0,0],"151":[0,0],"152":[0,0],"153":[0,0],"154":[0,1],"155":[0,0],"156":[1,0],"157":[1,1,1],"158":[1,0,0],"159":[0,0],"160":[0,0],"161":[0,0],"162":[0,0],"163":[0,0],"164":[0,1],"165":[0,0],"166":[1,0],"167":[0,0],"168":[0,0],"169":[0,0],"170":[0,0],"171":[0,0],"172":[0,0],"173":[0,0],"174":[1,0],"175":[1,0],"176":[1,0],"177":[1,1,1],"178":[0,1],"179":[0,0],"180":[1,0],"181":[1,1,1],"182":[0,1],"183":[0,0],"184":[0,1],"185":[0,0],"186":[0,0],"187":[0,0],"188":[0,0],"189":[0,0],"190":[0,0],"191":[0,0],"192":[1,0],"193":[1,0],"194":[2,0],"195":[2,2,2],"196":[0,2],"197":[0,0],"198":[2,0],"199":[2,2,2],"200":[0,2],"201":[0,0],"202":[0,2],"203":[0,0],"204":[0,0],"205":[0,0],"206":[0,0],"207":[0,0],"208":[0,0],"209":[0,0],"210":[2,0],"211":[2,0]},"_coverageSchema":"332fd63041d2c1bcb487cc26dd0d5f7d97098a6c","hash":"7a50aa8da13d44995cfceed8fb343b41bf71f2d2","contentHash":"48de81739a3059f181860a85b09b106c_11.4.1"}}